<?xml version="1.0" encoding="UTF-8"?>
<testsuite xmlns:xsi="http://www.w3.org/2001/XMLSchema-instance" xsi:noNamespaceSchemaLocation="https://maven.apache.org/surefire/maven-surefire-plugin/xsd/surefire-test-report-3.0.xsd" version="3.0" name="com.wellcare.wellcare.AuthControllerTest" time="3.601" tests="9" errors="0" skipped="0" failures="0">
  <properties>
[...]
</properties>
  <testcase name="testRegisterInvalidEmail" classname="com.wellcare.wellcare.AuthControllerTest" time="0.261">
    <system-out><![CDATA[12:05:54.141 [main] INFO org.springframework.test.context.support.AnnotationConfigContextLoaderUtils -- Could not detect default configuration classes for test class [com.wellcare.wellcare.AuthControllerTest]: AuthControllerTest does not declare any static, non-private, non-final, nested classes annotated with @Configuration.
12:05:54.269 [main] INFO org.springframework.boot.test.context.SpringBootTestContextBootstrapper -- Found @SpringBootConfiguration com.wellcare.wellcare.WellcareApplication for test class com.wellcare.wellcare.AuthControllerTest

  .   ____          _            __ _ _
 /\\ / ___'_ __ _ _(_)_ __  __ _ \ \ \ \
( ( )\___ | '_ | '_| | '_ \/ _` | \ \ \ \
 \\/  ___)| |_)| | | | | || (_| |  ) ) ) )
  '  |____| .__|_| |_|_| |_\__, | / / / /
 =========|_|==============|___/=/_/_/_/
 :: Spring Boot ::                (v3.2.3)

2024-05-12T12:05:54.601+03:00 DEBUG 34416 --- [kground-preinit] o.h.v.i.xml.config.ValidationXmlParser   : Trying to load META-INF/validation.xml for XML based Validator configuration.
2024-05-12T12:05:54.601+03:00 DEBUG 34416 --- [kground-preinit] o.h.v.i.xml.config.ResourceLoaderHelper  : Trying to load META-INF/validation.xml via TCCL
2024-05-12T12:05:54.601+03:00 DEBUG 34416 --- [kground-preinit] o.h.v.i.xml.config.ResourceLoaderHelper  : Trying to load META-INF/validation.xml via Hibernate Validator's class loader
2024-05-12T12:05:54.601+03:00 DEBUG 34416 --- [kground-preinit] o.h.v.i.xml.config.ValidationXmlParser   : No META-INF/validation.xml found. Using annotation based configuration only.
2024-05-12T12:05:54.612+03:00 DEBUG 34416 --- [kground-preinit] o.h.v.i.e.resolver.TraversableResolvers  : Found jakarta.persistence.Persistence on classpath containing 'getPersistenceUtil'. Assuming JPA 2 environment. Trying to instantiate JPA aware TraversableResolver
2024-05-12T12:05:54.612+03:00 DEBUG 34416 --- [kground-preinit] o.h.v.i.e.resolver.TraversableResolvers  : Instantiated JPA aware TraversableResolver of type org.hibernate.validator.internal.engine.resolver.JPATraversableResolver.
2024-05-12T12:05:54.638+03:00  INFO 34416 --- [           main] c.wellcare.wellcare.AuthControllerTest   : Starting AuthControllerTest using Java 21.0.2 with PID 34416 (started by ASUS in C:\Users\ASUS\OneDrive\Desktop\SOA\project-wellcare)
2024-05-12T12:05:54.638+03:00  INFO 34416 --- [           main] c.wellcare.wellcare.AuthControllerTest   : No active profile set, falling back to 1 default profile: "default"
2024-05-12T12:05:54.643+03:00 DEBUG 34416 --- [kground-preinit] .h.v.m.ResourceBundleMessageInterpolator : Loaded expression factory via original TCCL
2024-05-12T12:05:54.718+03:00 DEBUG 34416 --- [kground-preinit] .i.e.ValidatorFactoryConfigurationHelper : HV000252: Using org.hibernate.validator.internal.engine.DefaultPropertyNodeNameProvider as property node name provider.
2024-05-12T12:05:54.730+03:00 DEBUG 34416 --- [kground-preinit] .i.e.ValidatorFactoryConfigurationHelper : HV000234: Using org.hibernate.validator.messageinterpolation.ResourceBundleMessageInterpolator as ValidatorFactory-scoped message interpolator.
2024-05-12T12:05:54.730+03:00 DEBUG 34416 --- [kground-preinit] .i.e.ValidatorFactoryConfigurationHelper : HV000234: Using org.hibernate.validator.internal.engine.resolver.JPATraversableResolver as ValidatorFactory-scoped traversable resolver.
2024-05-12T12:05:54.730+03:00 DEBUG 34416 --- [kground-preinit] .i.e.ValidatorFactoryConfigurationHelper : HV000234: Using org.hibernate.validator.internal.util.ExecutableParameterNameProvider as ValidatorFactory-scoped parameter name provider.
2024-05-12T12:05:54.730+03:00 DEBUG 34416 --- [kground-preinit] .i.e.ValidatorFactoryConfigurationHelper : HV000234: Using org.hibernate.validator.internal.engine.DefaultClockProvider as ValidatorFactory-scoped clock provider.
2024-05-12T12:05:54.730+03:00 DEBUG 34416 --- [kground-preinit] .i.e.ValidatorFactoryConfigurationHelper : HV000234: Using org.hibernate.validator.internal.engine.scripting.DefaultScriptEvaluatorFactory as ValidatorFactory-scoped script evaluator factory.
2024-05-12T12:05:56.402+03:00 DEBUG 34416 --- [           main] .h.v.m.ResourceBundleMessageInterpolator : Loaded expression factory via original TCCL
2024-05-12T12:05:56.402+03:00 DEBUG 34416 --- [           main] o.h.v.i.e.AbstractConfigurationImpl      : Setting custom MessageInterpolator of type org.springframework.validation.beanvalidation.LocaleContextMessageInterpolator
2024-05-12T12:05:56.402+03:00 DEBUG 34416 --- [           main] o.h.v.i.e.AbstractConfigurationImpl      : Setting custom ConstraintValidatorFactory of type org.springframework.validation.beanvalidation.SpringConstraintValidatorFactory
2024-05-12T12:05:56.417+03:00 DEBUG 34416 --- [           main] o.h.v.i.xml.config.ValidationXmlParser   : Trying to load META-INF/validation.xml for XML based Validator configuration.
2024-05-12T12:05:56.417+03:00 DEBUG 34416 --- [           main] o.h.v.i.xml.config.ResourceLoaderHelper  : Trying to load META-INF/validation.xml via user class loader
2024-05-12T12:05:56.417+03:00 DEBUG 34416 --- [           main] o.h.v.i.xml.config.ResourceLoaderHelper  : Trying to load META-INF/validation.xml via TCCL
2024-05-12T12:05:56.419+03:00 DEBUG 34416 --- [           main] o.h.v.i.xml.config.ResourceLoaderHelper  : Trying to load META-INF/validation.xml via Hibernate Validator's class loader
2024-05-12T12:05:56.419+03:00 DEBUG 34416 --- [           main] o.h.v.i.xml.config.ValidationXmlParser   : No META-INF/validation.xml found. Using annotation based configuration only.
2024-05-12T12:05:56.419+03:00 DEBUG 34416 --- [           main] o.h.v.i.e.resolver.TraversableResolvers  : Found jakarta.persistence.Persistence on classpath containing 'getPersistenceUtil'. Assuming JPA 2 environment. Trying to instantiate JPA aware TraversableResolver
2024-05-12T12:05:56.419+03:00 DEBUG 34416 --- [           main] o.h.v.i.e.resolver.TraversableResolvers  : Instantiated JPA aware TraversableResolver of type org.hibernate.validator.internal.engine.resolver.JPATraversableResolver.
2024-05-12T12:05:56.421+03:00 DEBUG 34416 --- [           main] .i.e.ValidatorFactoryConfigurationHelper : HV000252: Using org.hibernate.validator.internal.engine.DefaultPropertyNodeNameProvider as property node name provider.
2024-05-12T12:05:56.421+03:00 DEBUG 34416 --- [           main] .i.e.ValidatorFactoryConfigurationHelper : HV000234: Using org.springframework.validation.beanvalidation.LocaleContextMessageInterpolator as ValidatorFactory-scoped message interpolator.
2024-05-12T12:05:56.422+03:00 DEBUG 34416 --- [           main] .i.e.ValidatorFactoryConfigurationHelper : HV000234: Using org.hibernate.validator.internal.engine.resolver.JPATraversableResolver as ValidatorFactory-scoped traversable resolver.
2024-05-12T12:05:56.422+03:00 DEBUG 34416 --- [           main] .i.e.ValidatorFactoryConfigurationHelper : HV000234: Using org.hibernate.validator.internal.util.ExecutableParameterNameProvider as ValidatorFactory-scoped parameter name provider.
2024-05-12T12:05:56.422+03:00 DEBUG 34416 --- [           main] .i.e.ValidatorFactoryConfigurationHelper : HV000234: Using org.hibernate.validator.internal.engine.DefaultClockProvider as ValidatorFactory-scoped clock provider.
2024-05-12T12:05:56.422+03:00 DEBUG 34416 --- [           main] .i.e.ValidatorFactoryConfigurationHelper : HV000234: Using org.hibernate.validator.internal.engine.scripting.DefaultScriptEvaluatorFactory as ValidatorFactory-scoped script evaluator factory.
2024-05-12T12:05:56.865+03:00  WARN 34416 --- [           main] .s.s.UserDetailsServiceAutoConfiguration : 

Using generated security password: 5e8c3149-7048-4dde-ac68-69fc52b47ec0

This generated password is for development use only. Your security configuration must be updated before running your application in production.

2024-05-12T12:05:56.995+03:00  INFO 34416 --- [           main] o.s.s.web.DefaultSecurityFilterChain     : Will secure any request with [org.springframework.security.web.session.DisableEncodeUrlFilter@31533eb1, org.springframework.security.web.context.request.async.WebAsyncManagerIntegrationFilter@1fb71788, org.springframework.security.web.context.SecurityContextHolderFilter@dde6f87, org.springframework.security.web.header.HeaderWriterFilter@261a66b8, org.springframework.web.filter.CorsFilter@8cb7185, org.springframework.security.web.csrf.CsrfFilter@71468613, org.springframework.security.web.authentication.logout.LogoutFilter@72f24a84, org.springframework.security.web.authentication.UsernamePasswordAuthenticationFilter@356fa0d1, org.springframework.security.web.authentication.ui.DefaultLoginPageGeneratingFilter@1b28cff, org.springframework.security.web.authentication.ui.DefaultLogoutPageGeneratingFilter@4dac40b, org.springframework.security.web.authentication.www.BasicAuthenticationFilter@e5c5e6, org.springframework.security.web.savedrequest.RequestCacheAwareFilter@16029e2f, org.springframework.security.web.servletapi.SecurityContextHolderAwareRequestFilter@3b2db389, org.springframework.security.web.authentication.AnonymousAuthenticationFilter@2c54c497, org.springframework.security.web.access.ExceptionTranslationFilter@5342eec5, org.springframework.security.web.access.intercept.AuthorizationFilter@3caa4d85]
2024-05-12T12:05:57.066+03:00  INFO 34416 --- [           main] o.s.b.t.m.w.SpringBootMockServletContext : Initializing Spring TestDispatcherServlet ''
2024-05-12T12:05:57.067+03:00  INFO 34416 --- [           main] o.s.t.web.servlet.TestDispatcherServlet  : Initializing Servlet ''
2024-05-12T12:05:57.067+03:00  INFO 34416 --- [           main] o.s.t.web.servlet.TestDispatcherServlet  : Completed initialization in 0 ms
2024-05-12T12:05:57.087+03:00  INFO 34416 --- [           main] c.wellcare.wellcare.AuthControllerTest   : Started AuthControllerTest in 2.747 seconds (process running for 3.565)
2024-05-12T12:05:57.127+03:00  INFO 34416 --- [           main] o.s.b.t.m.w.SpringBootMockServletContext : Initializing Spring TestDispatcherServlet ''
2024-05-12T12:05:57.129+03:00  INFO 34416 --- [           main] o.s.t.web.servlet.TestDispatcherServlet  : Initializing Servlet ''
2024-05-12T12:05:57.129+03:00  INFO 34416 --- [           main] o.s.t.web.servlet.TestDispatcherServlet  : Completed initialization in 0 ms
2024-05-12T12:05:57.261+03:00 DEBUG 34416 --- [           main] o.h.v.r.PlatformResourceBundleLocator    : ValidationMessages not found.
2024-05-12T12:05:57.262+03:00 DEBUG 34416 --- [           main] o.h.v.r.PlatformResourceBundleLocator    : ContributorValidationMessages not found.
2024-05-12T12:05:57.262+03:00 DEBUG 34416 --- [           main] o.h.v.r.PlatformResourceBundleLocator    : org.hibernate.validator.ValidationMessages found.
]]></system-out>
    <system-err><![CDATA[WARNING: A Java agent has been loaded dynamically (C:\Users\ASUS\.m2\repository\net\bytebuddy\byte-buddy-agent\1.14.12\byte-buddy-agent-1.14.12.jar)
WARNING: If a serviceability tool is in use, please run with -XX:+EnableDynamicAgentLoading to hide this warning
WARNING: If a serviceability tool is not in use, please run with -Djdk.instrument.traceUsage for more information
WARNING: Dynamic loading of agents will be disallowed by default in a future release
]]></system-err>
  </testcase>
  <testcase name="testRegisterMissingUsername" classname="com.wellcare.wellcare.AuthControllerTest" time="0.012">
    <system-out><![CDATA[2024-05-12T12:05:57.374+03:00  INFO 34416 --- [           main] o.s.b.t.m.w.SpringBootMockServletContext : Initializing Spring TestDispatcherServlet ''
2024-05-12T12:05:57.374+03:00  INFO 34416 --- [           main] o.s.t.web.servlet.TestDispatcherServlet  : Initializing Servlet ''
2024-05-12T12:05:57.375+03:00  INFO 34416 --- [           main] o.s.t.web.servlet.TestDispatcherServlet  : Completed initialization in 1 ms
2024-05-12T12:05:57.375+03:00 DEBUG 34416 --- [           main] o.h.v.r.PlatformResourceBundleLocator    : ValidationMessages not found.
2024-05-12T12:05:57.375+03:00 DEBUG 34416 --- [           main] o.h.v.r.PlatformResourceBundleLocator    : ContributorValidationMessages not found.
2024-05-12T12:05:57.375+03:00 DEBUG 34416 --- [           main] o.h.v.r.PlatformResourceBundleLocator    : org.hibernate.validator.ValidationMessages found.
]]></system-out>
  </testcase>
  <testcase name="testRegisterUserSuccess" classname="com.wellcare.wellcare.AuthControllerTest" time="0.03">
    <system-out><![CDATA[2024-05-12T12:05:57.385+03:00  INFO 34416 --- [           main] o.s.b.t.m.w.SpringBootMockServletContext : Initializing Spring TestDispatcherServlet ''
2024-05-12T12:05:57.385+03:00  INFO 34416 --- [           main] o.s.t.web.servlet.TestDispatcherServlet  : Initializing Servlet ''
2024-05-12T12:05:57.386+03:00  INFO 34416 --- [           main] o.s.t.web.servlet.TestDispatcherServlet  : Completed initialization in 1 ms
]]></system-out>
  </testcase>
  <testcase name="testRegisterDoctorMissingDetails" classname="com.wellcare.wellcare.AuthControllerTest" time="0.018">
    <system-out><![CDATA[2024-05-12T12:05:57.421+03:00  INFO 34416 --- [           main] o.s.b.t.m.w.SpringBootMockServletContext : Initializing Spring TestDispatcherServlet ''
2024-05-12T12:05:57.421+03:00  INFO 34416 --- [           main] o.s.t.web.servlet.TestDispatcherServlet  : Initializing Servlet ''
2024-05-12T12:05:57.421+03:00  INFO 34416 --- [           main] o.s.t.web.servlet.TestDispatcherServlet  : Completed initialization in 0 ms
]]></system-out>
  </testcase>
  <testcase name="testRegisterEmailTaken" classname="com.wellcare.wellcare.AuthControllerTest" time="0.007">
    <system-out><![CDATA[2024-05-12T12:05:57.442+03:00  INFO 34416 --- [           main] o.s.b.t.m.w.SpringBootMockServletContext : Initializing Spring TestDispatcherServlet ''
2024-05-12T12:05:57.442+03:00  INFO 34416 --- [           main] o.s.t.web.servlet.TestDispatcherServlet  : Initializing Servlet ''
2024-05-12T12:05:57.442+03:00  INFO 34416 --- [           main] o.s.t.web.servlet.TestDispatcherServlet  : Completed initialization in 0 ms
]]></system-out>
  </testcase>
  <testcase name="testAuthenticateUserValidationFailure" classname="com.wellcare.wellcare.AuthControllerTest" time="0.042">
    <system-out><![CDATA[2024-05-12T12:05:57.459+03:00  INFO 34416 --- [           main] o.s.b.t.m.w.SpringBootMockServletContext : Initializing Spring TestDispatcherServlet ''
2024-05-12T12:05:57.459+03:00  INFO 34416 --- [           main] o.s.t.web.servlet.TestDispatcherServlet  : Initializing Servlet ''
2024-05-12T12:05:57.459+03:00  INFO 34416 --- [           main] o.s.t.web.servlet.TestDispatcherServlet  : Completed initialization in 0 ms
]]></system-out>
  </testcase>
  <testcase name="testRegisterUsernameTaken" classname="com.wellcare.wellcare.AuthControllerTest" time="0.01">
    <system-out><![CDATA[2024-05-12T12:05:57.504+03:00  INFO 34416 --- [           main] o.s.b.t.m.w.SpringBootMockServletContext : Initializing Spring TestDispatcherServlet ''
2024-05-12T12:05:57.504+03:00  INFO 34416 --- [           main] o.s.t.web.servlet.TestDispatcherServlet  : Initializing Servlet ''
2024-05-12T12:05:57.504+03:00  INFO 34416 --- [           main] o.s.t.web.servlet.TestDispatcherServlet  : Completed initialization in 0 ms
]]></system-out>
  </testcase>
  <testcase name="testAuthenticateUserSuccess" classname="com.wellcare.wellcare.AuthControllerTest" time="0.033">
    <system-out><![CDATA[2024-05-12T12:05:57.519+03:00  INFO 34416 --- [           main] o.s.b.t.m.w.SpringBootMockServletContext : Initializing Spring TestDispatcherServlet ''
2024-05-12T12:05:57.520+03:00  INFO 34416 --- [           main] o.s.t.web.servlet.TestDispatcherServlet  : Initializing Servlet ''
2024-05-12T12:05:57.521+03:00  INFO 34416 --- [           main] o.s.t.web.servlet.TestDispatcherServlet  : Completed initialization in 1 ms
]]></system-out>
  </testcase>
  <testcase name="testAuthenticateUserInvalidCredentials" classname="com.wellcare.wellcare.AuthControllerTest" time="0.008">
    <system-out><![CDATA[2024-05-12T12:05:57.553+03:00  INFO 34416 --- [           main] o.s.b.t.m.w.SpringBootMockServletContext : Initializing Spring TestDispatcherServlet ''
2024-05-12T12:05:57.553+03:00  INFO 34416 --- [           main] o.s.t.web.servlet.TestDispatcherServlet  : Initializing Servlet ''
2024-05-12T12:05:57.553+03:00  INFO 34416 --- [           main] o.s.t.web.servlet.TestDispatcherServlet  : Completed initialization in 0 ms
]]></system-out>
  </testcase>
</testsuite>