<?xml version="1.0" encoding="UTF-8"?>
<testsuite xmlns:xsi="http://www.w3.org/2001/XMLSchema-instance" xsi:noNamespaceSchemaLocation="https://maven.apache.org/surefire/maven-surefire-plugin/xsd/surefire-test-report-3.0.xsd" version="3.0" name="com.wellcare.wellcare.MessageControllerTest" time="1.777" tests="9" errors="0" skipped="0" failures="0">
  <properties>
[...]
</properties>
  <testcase name="testUpdateMessageInvalidMessage" classname="com.wellcare.wellcare.MessageControllerTest" time="0.069">
    <system-out><![CDATA[2024-05-12T12:06:03.450+03:00  INFO 34416 --- [           main] t.c.s.AnnotationConfigContextLoaderUtils : Could not detect default configuration classes for test class [com.wellcare.wellcare.MessageControllerTest]: MessageControllerTest does not declare any static, non-private, non-final, nested classes annotated with @Configuration.
2024-05-12T12:06:03.456+03:00  INFO 34416 --- [           main] .b.t.c.SpringBootTestContextBootstrapper : Found @SpringBootConfiguration com.wellcare.wellcare.WellcareApplication for test class com.wellcare.wellcare.MessageControllerTest

  .   ____          _            __ _ _
 /\\ / ___'_ __ _ _(_)_ __  __ _ \ \ \ \
( ( )\___ | '_ | '_| | '_ \/ _` | \ \ \ \
 \\/  ___)| |_)| | | | | || (_| |  ) ) ) )
  '  |____| .__|_| |_|_| |_\__, | / / / /
 =========|_|==============|___/=/_/_/_/
 :: Spring Boot ::                (v3.2.3)

2024-05-12T12:06:03.499+03:00  INFO 34416 --- [           main] c.w.wellcare.MessageControllerTest       : Starting MessageControllerTest using Java 21.0.2 with PID 34416 (started by ASUS in C:\Users\ASUS\OneDrive\Desktop\SOA\project-wellcare)
2024-05-12T12:06:03.500+03:00  INFO 34416 --- [           main] c.w.wellcare.MessageControllerTest       : No active profile set, falling back to 1 default profile: "default"
2024-05-12T12:06:03.720+03:00  INFO 34416 --- [           main] .s.d.r.c.RepositoryConfigurationDelegate : Bootstrapping Spring Data JPA repositories in DEFAULT mode.
2024-05-12T12:06:03.736+03:00  INFO 34416 --- [           main] .s.d.r.c.RepositoryConfigurationDelegate : Finished Spring Data repository scanning in 11 ms. Found 5 JPA repository interfaces.
2024-05-12T12:06:03.940+03:00 DEBUG 34416 --- [           main] o.hibernate.jpa.internal.util.LogHelper  : PersistenceUnitInfo [
	name: default
	persistence provider classname: null
	classloader: jdk.internal.loader.ClassLoaders$AppClassLoader@70dea4e
	excludeUnlistedClasses: true
	JTA datasource: null
	Non JTA datasource: HikariDataSource (null)
	Transaction type: RESOURCE_LOCAL
	PU root URL: file:/C:/Users/ASUS/OneDrive/Desktop/SOA/project-wellcare/target/test-classes/
	Shared Cache Mode: UNSPECIFIED
	Validation Mode: AUTO
	Jar files URLs []
	Managed classes names [
		com.wellcare.wellcare.Models.Comment
		com.wellcare.wellcare.Models.Message
		com.wellcare.wellcare.Models.Post
		com.wellcare.wellcare.Models.Relationship
		com.wellcare.wellcare.Models.User]
	Mapping files names []
	Properties []
2024-05-12T12:06:03.940+03:00 DEBUG 34416 --- [           main] o.h.i.internal.IntegratorServiceImpl     : Adding Integrator [org.hibernate.boot.beanvalidation.BeanValidationIntegrator].
2024-05-12T12:06:03.940+03:00 DEBUG 34416 --- [           main] o.h.i.internal.IntegratorServiceImpl     : Adding Integrator [org.hibernate.cache.internal.CollectionCacheInvalidator].
2024-05-12T12:06:03.942+03:00 DEBUG 34416 --- [           main] org.hibernate.orm.idgen.factory          : Registering IdentifierGenerator strategy [uuid2] -> [org.hibernate.id.UUIDGenerator]
2024-05-12T12:06:03.942+03:00 DEBUG 34416 --- [           main] org.hibernate.orm.idgen.factory          : Registering IdentifierGenerator strategy [guid] -> [org.hibernate.id.GUIDGenerator]
2024-05-12T12:06:03.942+03:00 DEBUG 34416 --- [           main] org.hibernate.orm.idgen.factory          : Registering IdentifierGenerator strategy [uuid] -> [org.hibernate.id.UUIDHexGenerator]
2024-05-12T12:06:03.942+03:00 DEBUG 34416 --- [           main] org.hibernate.orm.idgen.factory          : Registering IdentifierGenerator strategy [uuid.hex] -> [org.hibernate.id.UUIDHexGenerator]
2024-05-12T12:06:03.942+03:00 DEBUG 34416 --- [           main] org.hibernate.orm.idgen.factory          : Registering IdentifierGenerator strategy [assigned] -> [org.hibernate.id.Assigned]
2024-05-12T12:06:03.942+03:00 DEBUG 34416 --- [           main] org.hibernate.orm.idgen.factory          : Registering IdentifierGenerator strategy [identity] -> [org.hibernate.id.IdentityGenerator]
2024-05-12T12:06:03.942+03:00 DEBUG 34416 --- [           main] org.hibernate.orm.idgen.factory          : Registering IdentifierGenerator strategy [select] -> [org.hibernate.id.SelectGenerator]
2024-05-12T12:06:03.942+03:00 DEBUG 34416 --- [           main] org.hibernate.orm.idgen.factory          : Registering IdentifierGenerator strategy [sequence] -> [org.hibernate.id.enhanced.SequenceStyleGenerator]
2024-05-12T12:06:03.942+03:00 DEBUG 34416 --- [           main] org.hibernate.orm.idgen.factory          : Registering IdentifierGenerator strategy [increment] -> [org.hibernate.id.IncrementGenerator]
2024-05-12T12:06:03.942+03:00 DEBUG 34416 --- [           main] org.hibernate.orm.idgen.factory          : Registering IdentifierGenerator strategy [foreign] -> [org.hibernate.id.ForeignGenerator]
2024-05-12T12:06:03.942+03:00 DEBUG 34416 --- [           main] org.hibernate.orm.idgen.factory          : Registering IdentifierGenerator strategy [enhanced-sequence] -> [org.hibernate.id.enhanced.SequenceStyleGenerator]
2024-05-12T12:06:03.942+03:00 DEBUG 34416 --- [           main] org.hibernate.orm.idgen.factory          : Registering IdentifierGenerator strategy [enhanced-table] -> [org.hibernate.id.enhanced.TableGenerator]
2024-05-12T12:06:03.942+03:00 DEBUG 34416 --- [           main] o.h.c.internal.RegionFactoryInitiator    : Cannot default RegionFactory based on registered strategies as `[]` RegionFactory strategies were registered
2024-05-12T12:06:03.942+03:00  INFO 34416 --- [           main] o.h.c.internal.RegionFactoryInitiator    : HHH000026: Second-level cache disabled
2024-05-12T12:06:03.942+03:00 DEBUG 34416 --- [           main] org.hibernate.type.BasicTypeRegistry     : Adding type registration boolean -> org.hibernate.type.BasicTypeReference@5fa0943d
2024-05-12T12:06:03.942+03:00 DEBUG 34416 --- [           main] org.hibernate.type.BasicTypeRegistry     : Adding type registration boolean -> org.hibernate.type.BasicTypeReference@5fa0943d
2024-05-12T12:06:03.942+03:00 DEBUG 34416 --- [           main] org.hibernate.type.BasicTypeRegistry     : Adding type registration java.lang.Boolean -> org.hibernate.type.BasicTypeReference@5fa0943d
2024-05-12T12:06:03.942+03:00 DEBUG 34416 --- [           main] org.hibernate.type.BasicTypeRegistry     : Adding type registration numeric_boolean -> org.hibernate.type.BasicTypeReference@73bb782d
2024-05-12T12:06:03.942+03:00 DEBUG 34416 --- [           main] org.hibernate.type.BasicTypeRegistry     : Adding type registration org.hibernate.type.NumericBooleanConverter -> org.hibernate.type.BasicTypeReference@73bb782d
2024-05-12T12:06:03.942+03:00 DEBUG 34416 --- [           main] org.hibernate.type.BasicTypeRegistry     : Adding type registration true_false -> org.hibernate.type.BasicTypeReference@3a3375d8
2024-05-12T12:06:03.942+03:00 DEBUG 34416 --- [           main] org.hibernate.type.BasicTypeRegistry     : Adding type registration org.hibernate.type.TrueFalseConverter -> org.hibernate.type.BasicTypeReference@3a3375d8
2024-05-12T12:06:03.942+03:00 DEBUG 34416 --- [           main] org.hibernate.type.BasicTypeRegistry     : Adding type registration yes_no -> org.hibernate.type.BasicTypeReference@63bb719d
2024-05-12T12:06:03.942+03:00 DEBUG 34416 --- [           main] org.hibernate.type.BasicTypeRegistry     : Adding type registration org.hibernate.type.YesNoConverter -> org.hibernate.type.BasicTypeReference@63bb719d
2024-05-12T12:06:03.942+03:00 DEBUG 34416 --- [           main] org.hibernate.type.BasicTypeRegistry     : Adding type registration byte -> org.hibernate.type.BasicTypeReference@38e100ab
2024-05-12T12:06:03.942+03:00 DEBUG 34416 --- [           main] org.hibernate.type.BasicTypeRegistry     : Adding type registration byte -> org.hibernate.type.BasicTypeReference@38e100ab
2024-05-12T12:06:03.942+03:00 DEBUG 34416 --- [           main] org.hibernate.type.BasicTypeRegistry     : Adding type registration java.lang.Byte -> org.hibernate.type.BasicTypeReference@38e100ab
2024-05-12T12:06:03.942+03:00 DEBUG 34416 --- [           main] org.hibernate.type.BasicTypeRegistry     : Adding type registration binary -> org.hibernate.type.BasicTypeReference@10b36d8a
2024-05-12T12:06:03.942+03:00 DEBUG 34416 --- [           main] org.hibernate.type.BasicTypeRegistry     : Adding type registration byte[] -> org.hibernate.type.BasicTypeReference@10b36d8a
2024-05-12T12:06:03.942+03:00 DEBUG 34416 --- [           main] org.hibernate.type.BasicTypeRegistry     : Adding type registration [B -> org.hibernate.type.BasicTypeReference@10b36d8a
2024-05-12T12:06:03.942+03:00 DEBUG 34416 --- [           main] org.hibernate.type.BasicTypeRegistry     : Adding type registration binary_wrapper -> org.hibernate.type.BasicTypeReference@318f47f1
2024-05-12T12:06:03.942+03:00 DEBUG 34416 --- [           main] org.hibernate.type.BasicTypeRegistry     : Adding type registration wrapper-binary -> org.hibernate.type.BasicTypeReference@318f47f1
2024-05-12T12:06:03.942+03:00 DEBUG 34416 --- [           main] org.hibernate.type.BasicTypeRegistry     : Adding type registration image -> org.hibernate.type.BasicTypeReference@900ffc4
2024-05-12T12:06:03.942+03:00 DEBUG 34416 --- [           main] org.hibernate.type.BasicTypeRegistry     : Adding type registration blob -> org.hibernate.type.BasicTypeReference@39d44217
2024-05-12T12:06:03.942+03:00 DEBUG 34416 --- [           main] org.hibernate.type.BasicTypeRegistry     : Adding type registration java.sql.Blob -> org.hibernate.type.BasicTypeReference@39d44217
2024-05-12T12:06:03.942+03:00 DEBUG 34416 --- [           main] org.hibernate.type.BasicTypeRegistry     : Adding type registration materialized_blob -> org.hibernate.type.BasicTypeReference@3280a79a
2024-05-12T12:06:03.942+03:00 DEBUG 34416 --- [           main] org.hibernate.type.BasicTypeRegistry     : Adding type registration materialized_blob_wrapper -> org.hibernate.type.BasicTypeReference@79fbcef4
2024-05-12T12:06:03.942+03:00 DEBUG 34416 --- [           main] org.hibernate.type.BasicTypeRegistry     : Adding type registration short -> org.hibernate.type.BasicTypeReference@770be0d0
2024-05-12T12:06:03.942+03:00 DEBUG 34416 --- [           main] org.hibernate.type.BasicTypeRegistry     : Adding type registration short -> org.hibernate.type.BasicTypeReference@770be0d0
2024-05-12T12:06:03.942+03:00 DEBUG 34416 --- [           main] org.hibernate.type.BasicTypeRegistry     : Adding type registration java.lang.Short -> org.hibernate.type.BasicTypeReference@770be0d0
2024-05-12T12:06:03.942+03:00 DEBUG 34416 --- [           main] org.hibernate.type.BasicTypeRegistry     : Adding type registration integer -> org.hibernate.type.BasicTypeReference@6c54d0dc
2024-05-12T12:06:03.942+03:00 DEBUG 34416 --- [           main] org.hibernate.type.BasicTypeRegistry     : Adding type registration int -> org.hibernate.type.BasicTypeReference@6c54d0dc
2024-05-12T12:06:03.942+03:00 DEBUG 34416 --- [           main] org.hibernate.type.BasicTypeRegistry     : Adding type registration java.lang.Integer -> org.hibernate.type.BasicTypeReference@6c54d0dc
2024-05-12T12:06:03.942+03:00 DEBUG 34416 --- [           main] org.hibernate.type.BasicTypeRegistry     : Adding type registration long -> org.hibernate.type.BasicTypeReference@5b5f06bb
2024-05-12T12:06:03.942+03:00 DEBUG 34416 --- [           main] org.hibernate.type.BasicTypeRegistry     : Adding type registration long -> org.hibernate.type.BasicTypeReference@5b5f06bb
2024-05-12T12:06:03.942+03:00 DEBUG 34416 --- [           main] org.hibernate.type.BasicTypeRegistry     : Adding type registration java.lang.Long -> org.hibernate.type.BasicTypeReference@5b5f06bb
2024-05-12T12:06:03.942+03:00 DEBUG 34416 --- [           main] org.hibernate.type.BasicTypeRegistry     : Adding type registration float -> org.hibernate.type.BasicTypeReference@7c74ef4a
2024-05-12T12:06:03.942+03:00 DEBUG 34416 --- [           main] org.hibernate.type.BasicTypeRegistry     : Adding type registration float -> org.hibernate.type.BasicTypeReference@7c74ef4a
2024-05-12T12:06:03.942+03:00 DEBUG 34416 --- [           main] org.hibernate.type.BasicTypeRegistry     : Adding type registration java.lang.Float -> org.hibernate.type.BasicTypeReference@7c74ef4a
2024-05-12T12:06:03.943+03:00 DEBUG 34416 --- [           main] org.hibernate.type.BasicTypeRegistry     : Adding type registration double -> org.hibernate.type.BasicTypeReference@54519d74
2024-05-12T12:06:03.943+03:00 DEBUG 34416 --- [           main] org.hibernate.type.BasicTypeRegistry     : Adding type registration double -> org.hibernate.type.BasicTypeReference@54519d74
2024-05-12T12:06:03.943+03:00 DEBUG 34416 --- [           main] org.hibernate.type.BasicTypeRegistry     : Adding type registration java.lang.Double -> org.hibernate.type.BasicTypeReference@54519d74
2024-05-12T12:06:03.943+03:00 DEBUG 34416 --- [           main] org.hibernate.type.BasicTypeRegistry     : Adding type registration big_integer -> org.hibernate.type.BasicTypeReference@1ec96512
2024-05-12T12:06:03.943+03:00 DEBUG 34416 --- [           main] org.hibernate.type.BasicTypeRegistry     : Adding type registration java.math.BigInteger -> org.hibernate.type.BasicTypeReference@1ec96512
2024-05-12T12:06:03.943+03:00 DEBUG 34416 --- [           main] org.hibernate.type.BasicTypeRegistry     : Adding type registration big_decimal -> org.hibernate.type.BasicTypeReference@3d00c2ae
2024-05-12T12:06:03.943+03:00 DEBUG 34416 --- [           main] org.hibernate.type.BasicTypeRegistry     : Adding type registration java.math.BigDecimal -> org.hibernate.type.BasicTypeReference@3d00c2ae
2024-05-12T12:06:03.943+03:00 DEBUG 34416 --- [           main] org.hibernate.type.BasicTypeRegistry     : Adding type registration character -> org.hibernate.type.BasicTypeReference@665574fb
2024-05-12T12:06:03.943+03:00 DEBUG 34416 --- [           main] org.hibernate.type.BasicTypeRegistry     : Adding type registration char -> org.hibernate.type.BasicTypeReference@665574fb
2024-05-12T12:06:03.943+03:00 DEBUG 34416 --- [           main] org.hibernate.type.BasicTypeRegistry     : Adding type registration java.lang.Character -> org.hibernate.type.BasicTypeReference@665574fb
2024-05-12T12:06:03.943+03:00 DEBUG 34416 --- [           main] org.hibernate.type.BasicTypeRegistry     : Adding type registration character_nchar -> org.hibernate.type.BasicTypeReference@3eb7ff78
2024-05-12T12:06:03.943+03:00 DEBUG 34416 --- [           main] org.hibernate.type.BasicTypeRegistry     : Adding type registration string -> org.hibernate.type.BasicTypeReference@6b83ec49
2024-05-12T12:06:03.943+03:00 DEBUG 34416 --- [           main] org.hibernate.type.BasicTypeRegistry     : Adding type registration java.lang.String -> org.hibernate.type.BasicTypeReference@6b83ec49
2024-05-12T12:06:03.943+03:00 DEBUG 34416 --- [           main] org.hibernate.type.BasicTypeRegistry     : Adding type registration nstring -> org.hibernate.type.BasicTypeReference@50ad5625
2024-05-12T12:06:03.943+03:00 DEBUG 34416 --- [           main] org.hibernate.type.BasicTypeRegistry     : Adding type registration characters -> org.hibernate.type.BasicTypeReference@1d921267
2024-05-12T12:06:03.943+03:00 DEBUG 34416 --- [           main] org.hibernate.type.BasicTypeRegistry     : Adding type registration char[] -> org.hibernate.type.BasicTypeReference@1d921267
2024-05-12T12:06:03.943+03:00 DEBUG 34416 --- [           main] org.hibernate.type.BasicTypeRegistry     : Adding type registration [C -> org.hibernate.type.BasicTypeReference@1d921267
2024-05-12T12:06:03.943+03:00 DEBUG 34416 --- [           main] org.hibernate.type.BasicTypeRegistry     : Adding type registration wrapper-characters -> org.hibernate.type.BasicTypeReference@1c5f6292
2024-05-12T12:06:03.943+03:00 DEBUG 34416 --- [           main] org.hibernate.type.BasicTypeRegistry     : Adding type registration text -> org.hibernate.type.BasicTypeReference@684a34f4
2024-05-12T12:06:03.943+03:00 DEBUG 34416 --- [           main] org.hibernate.type.BasicTypeRegistry     : Adding type registration ntext -> org.hibernate.type.BasicTypeReference@52ec5ba6
2024-05-12T12:06:03.943+03:00 DEBUG 34416 --- [           main] org.hibernate.type.BasicTypeRegistry     : Adding type registration clob -> org.hibernate.type.BasicTypeReference@5f606ab6
2024-05-12T12:06:03.943+03:00 DEBUG 34416 --- [           main] org.hibernate.type.BasicTypeRegistry     : Adding type registration java.sql.Clob -> org.hibernate.type.BasicTypeReference@5f606ab6
2024-05-12T12:06:03.943+03:00 DEBUG 34416 --- [           main] org.hibernate.type.BasicTypeRegistry     : Adding type registration nclob -> org.hibernate.type.BasicTypeReference@384cd83a
2024-05-12T12:06:03.943+03:00 DEBUG 34416 --- [           main] org.hibernate.type.BasicTypeRegistry     : Adding type registration java.sql.NClob -> org.hibernate.type.BasicTypeReference@384cd83a
2024-05-12T12:06:03.943+03:00 DEBUG 34416 --- [           main] org.hibernate.type.BasicTypeRegistry     : Adding type registration materialized_clob -> org.hibernate.type.BasicTypeReference@198a653
2024-05-12T12:06:03.943+03:00 DEBUG 34416 --- [           main] org.hibernate.type.BasicTypeRegistry     : Adding type registration materialized_clob_char_array -> org.hibernate.type.BasicTypeReference@3119fcad
2024-05-12T12:06:03.943+03:00 DEBUG 34416 --- [           main] org.hibernate.type.BasicTypeRegistry     : Adding type registration materialized_clob_character_array -> org.hibernate.type.BasicTypeReference@6d7005e2
2024-05-12T12:06:03.943+03:00 DEBUG 34416 --- [           main] org.hibernate.type.BasicTypeRegistry     : Adding type registration materialized_nclob -> org.hibernate.type.BasicTypeReference@33a39d7e
2024-05-12T12:06:03.943+03:00 DEBUG 34416 --- [           main] org.hibernate.type.BasicTypeRegistry     : Adding type registration materialized_nclob_character_array -> org.hibernate.type.BasicTypeReference@77cd1f67
2024-05-12T12:06:03.943+03:00 DEBUG 34416 --- [           main] org.hibernate.type.BasicTypeRegistry     : Adding type registration materialized_nclob_char_array -> org.hibernate.type.BasicTypeReference@94f79a7
2024-05-12T12:06:03.943+03:00 DEBUG 34416 --- [           main] org.hibernate.type.BasicTypeRegistry     : Adding type registration Duration -> org.hibernate.type.BasicTypeReference@647d3279
2024-05-12T12:06:03.943+03:00 DEBUG 34416 --- [           main] org.hibernate.type.BasicTypeRegistry     : Adding type registration java.time.Duration -> org.hibernate.type.BasicTypeReference@647d3279
2024-05-12T12:06:03.943+03:00 DEBUG 34416 --- [           main] org.hibernate.type.BasicTypeRegistry     : Adding type registration LocalDateTime -> org.hibernate.type.BasicTypeReference@4b9a1be5
2024-05-12T12:06:03.943+03:00 DEBUG 34416 --- [           main] org.hibernate.type.BasicTypeRegistry     : Adding type registration java.time.LocalDateTime -> org.hibernate.type.BasicTypeReference@4b9a1be5
2024-05-12T12:06:03.943+03:00 DEBUG 34416 --- [           main] org.hibernate.type.BasicTypeRegistry     : Adding type registration LocalDate -> org.hibernate.type.BasicTypeReference@54b313d6
2024-05-12T12:06:03.943+03:00 DEBUG 34416 --- [           main] org.hibernate.type.BasicTypeRegistry     : Adding type registration java.time.LocalDate -> org.hibernate.type.BasicTypeReference@54b313d6
2024-05-12T12:06:03.943+03:00 DEBUG 34416 --- [           main] org.hibernate.type.BasicTypeRegistry     : Adding type registration LocalTime -> org.hibernate.type.BasicTypeReference@2643caa6
2024-05-12T12:06:03.943+03:00 DEBUG 34416 --- [           main] org.hibernate.type.BasicTypeRegistry     : Adding type registration java.time.LocalTime -> org.hibernate.type.BasicTypeReference@2643caa6
2024-05-12T12:06:03.943+03:00 DEBUG 34416 --- [           main] org.hibernate.type.BasicTypeRegistry     : Adding type registration OffsetDateTime -> org.hibernate.type.BasicTypeReference@2b20caed
2024-05-12T12:06:03.943+03:00 DEBUG 34416 --- [           main] org.hibernate.type.BasicTypeRegistry     : Adding type registration java.time.OffsetDateTime -> org.hibernate.type.BasicTypeReference@2b20caed
2024-05-12T12:06:03.943+03:00 DEBUG 34416 --- [           main] org.hibernate.type.BasicTypeRegistry     : Adding type registration OffsetDateTimeWithTimezone -> org.hibernate.type.BasicTypeReference@7c1f3125
2024-05-12T12:06:03.943+03:00 DEBUG 34416 --- [           main] org.hibernate.type.BasicTypeRegistry     : Adding type registration OffsetDateTimeWithoutTimezone -> org.hibernate.type.BasicTypeReference@44b1d2fa
2024-05-12T12:06:03.943+03:00 DEBUG 34416 --- [           main] org.hibernate.type.BasicTypeRegistry     : Adding type registration OffsetTime -> org.hibernate.type.BasicTypeReference@69eb1f23
2024-05-12T12:06:03.943+03:00 DEBUG 34416 --- [           main] org.hibernate.type.BasicTypeRegistry     : Adding type registration java.time.OffsetTime -> org.hibernate.type.BasicTypeReference@69eb1f23
2024-05-12T12:06:03.943+03:00 DEBUG 34416 --- [           main] org.hibernate.type.BasicTypeRegistry     : Adding type registration OffsetTimeUtc -> org.hibernate.type.BasicTypeReference@2c9af700
2024-05-12T12:06:03.943+03:00 DEBUG 34416 --- [           main] org.hibernate.type.BasicTypeRegistry     : Adding type registration OffsetTimeWithTimezone -> org.hibernate.type.BasicTypeReference@29897daf
2024-05-12T12:06:03.943+03:00 DEBUG 34416 --- [           main] org.hibernate.type.BasicTypeRegistry     : Adding type registration OffsetTimeWithoutTimezone -> org.hibernate.type.BasicTypeReference@63e54c66
2024-05-12T12:06:03.943+03:00 DEBUG 34416 --- [           main] org.hibernate.type.BasicTypeRegistry     : Adding type registration ZonedDateTime -> org.hibernate.type.BasicTypeReference@5246453e
2024-05-12T12:06:03.943+03:00 DEBUG 34416 --- [           main] org.hibernate.type.BasicTypeRegistry     : Adding type registration java.time.ZonedDateTime -> org.hibernate.type.BasicTypeReference@5246453e
2024-05-12T12:06:03.943+03:00 DEBUG 34416 --- [           main] org.hibernate.type.BasicTypeRegistry     : Adding type registration ZonedDateTimeWithTimezone -> org.hibernate.type.BasicTypeReference@299f9a81
2024-05-12T12:06:03.943+03:00 DEBUG 34416 --- [           main] org.hibernate.type.BasicTypeRegistry     : Adding type registration ZonedDateTimeWithoutTimezone -> org.hibernate.type.BasicTypeReference@4b19ee18
2024-05-12T12:06:03.943+03:00 DEBUG 34416 --- [           main] org.hibernate.type.BasicTypeRegistry     : Adding type registration date -> org.hibernate.type.BasicTypeReference@2561d61
2024-05-12T12:06:03.943+03:00 DEBUG 34416 --- [           main] org.hibernate.type.BasicTypeRegistry     : Adding type registration java.sql.Date -> org.hibernate.type.BasicTypeReference@2561d61
2024-05-12T12:06:03.943+03:00 DEBUG 34416 --- [           main] org.hibernate.type.BasicTypeRegistry     : Adding type registration time -> org.hibernate.type.BasicTypeReference@6259d7a0
2024-05-12T12:06:03.943+03:00 DEBUG 34416 --- [           main] org.hibernate.type.BasicTypeRegistry     : Adding type registration java.sql.Time -> org.hibernate.type.BasicTypeReference@6259d7a0
2024-05-12T12:06:03.943+03:00 DEBUG 34416 --- [           main] org.hibernate.type.BasicTypeRegistry     : Adding type registration timestamp -> org.hibernate.type.BasicTypeReference@374712f8
2024-05-12T12:06:03.943+03:00 DEBUG 34416 --- [           main] org.hibernate.type.BasicTypeRegistry     : Adding type registration java.sql.Timestamp -> org.hibernate.type.BasicTypeReference@374712f8
2024-05-12T12:06:03.943+03:00 DEBUG 34416 --- [           main] org.hibernate.type.BasicTypeRegistry     : Adding type registration java.util.Date -> org.hibernate.type.BasicTypeReference@374712f8
2024-05-12T12:06:03.943+03:00 DEBUG 34416 --- [           main] org.hibernate.type.BasicTypeRegistry     : Adding type registration calendar -> org.hibernate.type.BasicTypeReference@33aa4326
2024-05-12T12:06:03.943+03:00 DEBUG 34416 --- [           main] org.hibernate.type.BasicTypeRegistry     : Adding type registration java.util.Calendar -> org.hibernate.type.BasicTypeReference@33aa4326
2024-05-12T12:06:03.943+03:00 DEBUG 34416 --- [           main] org.hibernate.type.BasicTypeRegistry     : Adding type registration java.util.GregorianCalendar -> org.hibernate.type.BasicTypeReference@33aa4326
2024-05-12T12:06:03.943+03:00 DEBUG 34416 --- [           main] org.hibernate.type.BasicTypeRegistry     : Adding type registration calendar_date -> org.hibernate.type.BasicTypeReference@125ed27
2024-05-12T12:06:03.943+03:00 DEBUG 34416 --- [           main] org.hibernate.type.BasicTypeRegistry     : Adding type registration calendar_time -> org.hibernate.type.BasicTypeReference@2dedde74
2024-05-12T12:06:03.943+03:00 DEBUG 34416 --- [           main] org.hibernate.type.BasicTypeRegistry     : Adding type registration instant -> org.hibernate.type.BasicTypeReference@22b2d9e3
2024-05-12T12:06:03.943+03:00 DEBUG 34416 --- [           main] org.hibernate.type.BasicTypeRegistry     : Adding type registration java.time.Instant -> org.hibernate.type.BasicTypeReference@22b2d9e3
2024-05-12T12:06:03.943+03:00 DEBUG 34416 --- [           main] org.hibernate.type.BasicTypeRegistry     : Adding type registration uuid -> org.hibernate.type.BasicTypeReference@43600de0
2024-05-12T12:06:03.943+03:00 DEBUG 34416 --- [           main] org.hibernate.type.BasicTypeRegistry     : Adding type registration java.util.UUID -> org.hibernate.type.BasicTypeReference@43600de0
2024-05-12T12:06:03.943+03:00 DEBUG 34416 --- [           main] org.hibernate.type.BasicTypeRegistry     : Adding type registration pg-uuid -> org.hibernate.type.BasicTypeReference@43600de0
2024-05-12T12:06:03.943+03:00 DEBUG 34416 --- [           main] org.hibernate.type.BasicTypeRegistry     : Adding type registration uuid-binary -> org.hibernate.type.BasicTypeReference@6d028c7e
2024-05-12T12:06:03.943+03:00 DEBUG 34416 --- [           main] org.hibernate.type.BasicTypeRegistry     : Adding type registration uuid-char -> org.hibernate.type.BasicTypeReference@2e5ff1d4
2024-05-12T12:06:03.943+03:00 DEBUG 34416 --- [           main] org.hibernate.type.BasicTypeRegistry     : Adding type registration class -> org.hibernate.type.BasicTypeReference@1a16583d
2024-05-12T12:06:03.943+03:00 DEBUG 34416 --- [           main] org.hibernate.type.BasicTypeRegistry     : Adding type registration java.lang.Class -> org.hibernate.type.BasicTypeReference@1a16583d
2024-05-12T12:06:03.943+03:00 DEBUG 34416 --- [           main] org.hibernate.type.BasicTypeRegistry     : Adding type registration currency -> org.hibernate.type.BasicTypeReference@59da4992
2024-05-12T12:06:03.943+03:00 DEBUG 34416 --- [           main] org.hibernate.type.BasicTypeRegistry     : Adding type registration Currency -> org.hibernate.type.BasicTypeReference@59da4992
2024-05-12T12:06:03.943+03:00 DEBUG 34416 --- [           main] org.hibernate.type.BasicTypeRegistry     : Adding type registration java.util.Currency -> org.hibernate.type.BasicTypeReference@59da4992
2024-05-12T12:06:03.943+03:00 DEBUG 34416 --- [           main] org.hibernate.type.BasicTypeRegistry     : Adding type registration locale -> org.hibernate.type.BasicTypeReference@20425fab
2024-05-12T12:06:03.943+03:00 DEBUG 34416 --- [           main] org.hibernate.type.BasicTypeRegistry     : Adding type registration java.util.Locale -> org.hibernate.type.BasicTypeReference@20425fab
2024-05-12T12:06:03.943+03:00 DEBUG 34416 --- [           main] org.hibernate.type.BasicTypeRegistry     : Adding type registration serializable -> org.hibernate.type.BasicTypeReference@71c2cb26
2024-05-12T12:06:03.943+03:00 DEBUG 34416 --- [           main] org.hibernate.type.BasicTypeRegistry     : Adding type registration java.io.Serializable -> org.hibernate.type.BasicTypeReference@71c2cb26
2024-05-12T12:06:03.943+03:00 DEBUG 34416 --- [           main] org.hibernate.type.BasicTypeRegistry     : Adding type registration timezone -> org.hibernate.type.BasicTypeReference@593db293
2024-05-12T12:06:03.943+03:00 DEBUG 34416 --- [           main] org.hibernate.type.BasicTypeRegistry     : Adding type registration java.util.TimeZone -> org.hibernate.type.BasicTypeReference@593db293
2024-05-12T12:06:03.943+03:00 DEBUG 34416 --- [           main] org.hibernate.type.BasicTypeRegistry     : Adding type registration ZoneOffset -> org.hibernate.type.BasicTypeReference@5220e6ff
2024-05-12T12:06:03.943+03:00 DEBUG 34416 --- [           main] org.hibernate.type.BasicTypeRegistry     : Adding type registration java.time.ZoneOffset -> org.hibernate.type.BasicTypeReference@5220e6ff
2024-05-12T12:06:03.943+03:00 DEBUG 34416 --- [           main] org.hibernate.type.BasicTypeRegistry     : Adding type registration url -> org.hibernate.type.BasicTypeReference@602d5417
2024-05-12T12:06:03.943+03:00 DEBUG 34416 --- [           main] org.hibernate.type.BasicTypeRegistry     : Adding type registration java.net.URL -> org.hibernate.type.BasicTypeReference@602d5417
2024-05-12T12:06:03.943+03:00 DEBUG 34416 --- [           main] org.hibernate.type.BasicTypeRegistry     : Adding type registration vector -> org.hibernate.type.BasicTypeReference@75128cf
2024-05-12T12:06:03.943+03:00 DEBUG 34416 --- [           main] org.hibernate.type.BasicTypeRegistry     : Adding type registration row_version -> org.hibernate.type.BasicTypeReference@33ccab9c
2024-05-12T12:06:03.943+03:00 DEBUG 34416 --- [           main] org.hibernate.type.BasicTypeRegistry     : Adding type registration object -> org.hibernate.type.JavaObjectType@75937998
2024-05-12T12:06:03.943+03:00 DEBUG 34416 --- [           main] org.hibernate.type.BasicTypeRegistry     : Adding type registration java.lang.Object -> org.hibernate.type.JavaObjectType@75937998
2024-05-12T12:06:03.943+03:00 DEBUG 34416 --- [           main] org.hibernate.type.BasicTypeRegistry     : Adding type registration null -> org.hibernate.type.NullType@4b02dc4e
2024-05-12T12:06:03.943+03:00 DEBUG 34416 --- [           main] org.hibernate.type.BasicTypeRegistry     : Adding type registration imm_date -> org.hibernate.type.BasicTypeReference@2e2ec0eb
2024-05-12T12:06:03.943+03:00 DEBUG 34416 --- [           main] org.hibernate.type.BasicTypeRegistry     : Adding type registration imm_time -> org.hibernate.type.BasicTypeReference@33d439ee
2024-05-12T12:06:03.943+03:00 DEBUG 34416 --- [           main] org.hibernate.type.BasicTypeRegistry     : Adding type registration imm_timestamp -> org.hibernate.type.BasicTypeReference@1d9f40af
2024-05-12T12:06:03.943+03:00 DEBUG 34416 --- [           main] org.hibernate.type.BasicTypeRegistry     : Adding type registration imm_calendar -> org.hibernate.type.BasicTypeReference@4eb0f3ed
2024-05-12T12:06:03.943+03:00 DEBUG 34416 --- [           main] org.hibernate.type.BasicTypeRegistry     : Adding type registration imm_calendar_date -> org.hibernate.type.BasicTypeReference@16415b48
2024-05-12T12:06:03.943+03:00 DEBUG 34416 --- [           main] org.hibernate.type.BasicTypeRegistry     : Adding type registration imm_calendar_time -> org.hibernate.type.BasicTypeReference@4480b27
2024-05-12T12:06:03.943+03:00 DEBUG 34416 --- [           main] org.hibernate.type.BasicTypeRegistry     : Adding type registration imm_binary -> org.hibernate.type.BasicTypeReference@6335a939
2024-05-12T12:06:03.943+03:00 DEBUG 34416 --- [           main] org.hibernate.type.BasicTypeRegistry     : Adding type registration imm_serializable -> org.hibernate.type.BasicTypeReference@2a530129
2024-05-12T12:06:03.945+03:00 DEBUG 34416 --- [           main] o.h.boot.internal.BootstrapContextImpl   : Injecting JPA temp ClassLoader [org.springframework.instrument.classloading.SimpleThrowawayClassLoader@7281a0fe] into BootstrapContext; was [null]
2024-05-12T12:06:03.945+03:00 DEBUG 34416 --- [           main] o.h.boot.internal.ClassLoaderAccessImpl  : ClassLoaderAccessImpl#injectTempClassLoader(org.springframework.instrument.classloading.SimpleThrowawayClassLoader@7281a0fe) [was null]
2024-05-12T12:06:03.945+03:00 DEBUG 34416 --- [           main] o.h.boot.internal.BootstrapContextImpl   : Injecting ScanEnvironment [org.hibernate.jpa.boot.internal.StandardJpaScanEnvironmentImpl@3cb3a3f6] into BootstrapContext; was [null]
2024-05-12T12:06:03.945+03:00 DEBUG 34416 --- [           main] o.h.boot.internal.BootstrapContextImpl   : Injecting ScanOptions [org.hibernate.boot.archive.scan.internal.StandardScanOptions@edba700] into BootstrapContext; was [org.hibernate.boot.archive.scan.internal.StandardScanOptions@1cbcd7ff]
2024-05-12T12:06:03.949+03:00  INFO 34416 --- [           main] o.s.o.j.p.SpringPersistenceUnitInfo      : No LoadTimeWeaver setup: ignoring JPA class transformer
2024-05-12T12:06:03.949+03:00 DEBUG 34416 --- [           main] o.h.boot.internal.BootstrapContextImpl   : Injecting JPA temp ClassLoader [null] into BootstrapContext; was [org.springframework.instrument.classloading.SimpleThrowawayClassLoader@7281a0fe]
2024-05-12T12:06:03.949+03:00 DEBUG 34416 --- [           main] o.h.boot.internal.ClassLoaderAccessImpl  : ClassLoaderAccessImpl#injectTempClassLoader(null) [was org.springframework.instrument.classloading.SimpleThrowawayClassLoader@7281a0fe]
2024-05-12T12:06:03.950+03:00  INFO 34416 --- [           main] com.zaxxer.hikari.HikariDataSource       : HikariPool-2 - Starting...
2024-05-12T12:06:03.955+03:00  INFO 34416 --- [           main] com.zaxxer.hikari.pool.HikariPool        : HikariPool-2 - Added connection com.mysql.cj.jdbc.ConnectionImpl@2b2fdee3
2024-05-12T12:06:03.956+03:00  INFO 34416 --- [           main] com.zaxxer.hikari.HikariDataSource       : HikariPool-2 - Start completed.
2024-05-12T12:06:03.956+03:00 DEBUG 34416 --- [           main] o.h.e.j.e.i.JdbcEnvironmentInitiator     : Database ->
       name : MySQL
    version : 5.5.5-10.4.32-MariaDB
      major : 5
      minor : 5
2024-05-12T12:06:03.956+03:00 DEBUG 34416 --- [           main] o.h.e.j.e.i.JdbcEnvironmentInitiator     : Driver ->
       name : MySQL Connector/J
    version : mysql-connector-j-8.3.0 (Revision: 805f872a57875f311cb82487efcfb070411a3fa0)
      major : 8
      minor : 3
2024-05-12T12:06:03.956+03:00 DEBUG 34416 --- [           main] o.h.e.j.e.i.JdbcEnvironmentInitiator     : JDBC version : 4.2
2024-05-12T12:06:03.957+03:00  WARN 34416 --- [           main] org.hibernate.orm.deprecation            : HHH90000025: MySQL8Dialect does not need to be specified explicitly using 'hibernate.dialect' (remove the property setting and it will be selected by default)
2024-05-12T12:06:03.957+03:00 DEBUG 34416 --- [           main] org.hibernate.orm.dialect                : HHH035001: Using dialect: org.hibernate.dialect.MySQL8Dialect, version: 8.0
2024-05-12T12:06:03.957+03:00  WARN 34416 --- [           main] org.hibernate.orm.deprecation            : HHH90000026: MySQL8Dialect has been deprecated; use org.hibernate.dialect.MySQLDialect instead
2024-05-12T12:06:03.957+03:00 DEBUG 34416 --- [           main] o.h.e.j.env.spi.IdentifierHelperBuilder  : JDBC driver metadata reported database stores quoted identifiers in more than one case
2024-05-12T12:06:03.957+03:00 DEBUG 34416 --- [           main] o.h.e.j.env.spi.IdentifierHelperBuilder  : IdentifierCaseStrategy for both quoted and unquoted identifiers was set to the same strategy [LOWER]; that will likely lead to problems in schema update and validation if using quoted identifiers
2024-05-12T12:06:03.958+03:00 DEBUG 34416 --- [           main] o.h.t.d.sql.spi.DdlTypeRegistry          : addDescriptor(12, org.hibernate.type.descriptor.sql.internal.CapacityDependentDdlType@744b5bd7) replaced previous registration(org.hibernate.type.descriptor.sql.internal.CapacityDependentDdlType@7f4f31c1)
2024-05-12T12:06:03.958+03:00 DEBUG 34416 --- [           main] o.h.t.d.sql.spi.DdlTypeRegistry          : addDescriptor(-9, org.hibernate.type.descriptor.sql.internal.CapacityDependentDdlType@31eb7290) replaced previous registration(org.hibernate.type.descriptor.sql.internal.CapacityDependentDdlType@4292a5c6)
2024-05-12T12:06:03.958+03:00 DEBUG 34416 --- [           main] o.h.t.d.sql.spi.DdlTypeRegistry          : addDescriptor(-3, org.hibernate.type.descriptor.sql.internal.CapacityDependentDdlType@6ca9dba0) replaced previous registration(org.hibernate.type.descriptor.sql.internal.CapacityDependentDdlType@6a6e3ecd)
2024-05-12T12:06:03.958+03:00 DEBUG 34416 --- [           main] o.h.t.d.sql.spi.DdlTypeRegistry          : addDescriptor(4003, org.hibernate.type.descriptor.sql.internal.DdlTypeImpl@7baee2) replaced previous registration(org.hibernate.type.descriptor.sql.internal.DdlTypeImpl@571097be)
2024-05-12T12:06:03.958+03:00 DEBUG 34416 --- [           main] o.h.t.d.sql.spi.DdlTypeRegistry          : addDescriptor(4001, org.hibernate.type.descriptor.sql.internal.DdlTypeImpl@75c63227) replaced previous registration(org.hibernate.type.descriptor.sql.internal.DdlTypeImpl@6ec5e204)
2024-05-12T12:06:03.959+03:00 DEBUG 34416 --- [           main] o.h.t.d.sql.spi.DdlTypeRegistry          : addDescriptor(4002, org.hibernate.type.descriptor.sql.internal.DdlTypeImpl@33945d80) replaced previous registration(org.hibernate.type.descriptor.sql.internal.DdlTypeImpl@60ea912b)
2024-05-12T12:06:03.959+03:00 DEBUG 34416 --- [           main] o.h.t.d.sql.spi.DdlTypeRegistry          : addDescriptor(2004, org.hibernate.type.descriptor.sql.internal.CapacityDependentDdlType@2479d01b) replaced previous registration(org.hibernate.type.descriptor.sql.internal.DdlTypeImpl@65edc352)
2024-05-12T12:06:03.959+03:00 DEBUG 34416 --- [           main] o.h.t.d.sql.spi.DdlTypeRegistry          : addDescriptor(2005, org.hibernate.type.descriptor.sql.internal.CapacityDependentDdlType@7404ea32) replaced previous registration(org.hibernate.type.descriptor.sql.internal.DdlTypeImpl@40d35e50)
2024-05-12T12:06:03.959+03:00 DEBUG 34416 --- [           main] o.h.t.d.sql.spi.DdlTypeRegistry          : addDescriptor(2011, org.hibernate.type.descriptor.sql.internal.CapacityDependentDdlType@2ac0a759) replaced previous registration(org.hibernate.type.descriptor.sql.internal.DdlTypeImpl@213c1600)
2024-05-12T12:06:03.959+03:00 DEBUG 34416 --- [           main] o.h.t.d.jdbc.spi.JdbcTypeRegistry        : addDescriptor(NCharTypeDescriptor) replaced previous registration(CharTypeDescriptor)
2024-05-12T12:06:03.959+03:00 DEBUG 34416 --- [           main] o.h.t.d.jdbc.spi.JdbcTypeRegistry        : addDescriptor(NVarcharTypeDescriptor) replaced previous registration(VarcharTypeDescriptor)
2024-05-12T12:06:03.959+03:00 DEBUG 34416 --- [           main] o.h.t.d.jdbc.spi.JdbcTypeRegistry        : addDescriptor(LongNVarcharTypeDescriptor) replaced previous registration(LongVarcharTypeDescriptor)
2024-05-12T12:06:03.959+03:00 DEBUG 34416 --- [           main] o.h.t.d.jdbc.spi.JdbcTypeRegistry        : addDescriptor(NClobTypeDescriptor(DEFAULT)) replaced previous registration(ClobTypeDescriptor(DEFAULT))
2024-05-12T12:06:03.959+03:00 DEBUG 34416 --- [           main] o.h.t.d.jdbc.spi.JdbcTypeRegistry        : addDescriptor(2005, ClobTypeDescriptor(STREAM_BINDING)) replaced previous registration(ClobTypeDescriptor(DEFAULT))
2024-05-12T12:06:03.959+03:00 DEBUG 34416 --- [           main] org.hibernate.type.BasicTypeRegistry     : Adding type registration null -> org.hibernate.type.NullType@72ba2d6f
2024-05-12T12:06:03.959+03:00 DEBUG 34416 --- [           main] org.hibernate.type.BasicTypeRegistry     : Type registration key [null] overrode previous entry : `org.hibernate.type.NullType@4b02dc4e`
2024-05-12T12:06:03.959+03:00 DEBUG 34416 --- [           main] org.hibernate.type.BasicTypeRegistry     : Adding type registration org.hibernate.type.DurationType -> basicType@22(java.time.Duration,3015)
2024-05-12T12:06:03.959+03:00 DEBUG 34416 --- [           main] org.hibernate.type.BasicTypeRegistry     : Adding type registration Duration -> basicType@22(java.time.Duration,3015)
2024-05-12T12:06:03.959+03:00 DEBUG 34416 --- [           main] org.hibernate.type.BasicTypeRegistry     : Adding type registration java.time.Duration -> basicType@22(java.time.Duration,3015)
2024-05-12T12:06:03.959+03:00 DEBUG 34416 --- [           main] org.hibernate.type.BasicTypeRegistry     : Adding type registration org.hibernate.type.OffsetDateTimeType -> basicType@23(java.time.OffsetDateTime,3003)
2024-05-12T12:06:03.959+03:00 DEBUG 34416 --- [           main] org.hibernate.type.BasicTypeRegistry     : Adding type registration OffsetDateTime -> basicType@23(java.time.OffsetDateTime,3003)
2024-05-12T12:06:03.959+03:00 DEBUG 34416 --- [           main] org.hibernate.type.BasicTypeRegistry     : Adding type registration java.time.OffsetDateTime -> basicType@23(java.time.OffsetDateTime,3003)
2024-05-12T12:06:03.959+03:00 DEBUG 34416 --- [           main] org.hibernate.type.BasicTypeRegistry     : Adding type registration org.hibernate.type.ZonedDateTimeType -> basicType@24(java.time.ZonedDateTime,3003)
2024-05-12T12:06:03.959+03:00 DEBUG 34416 --- [           main] org.hibernate.type.BasicTypeRegistry     : Adding type registration ZonedDateTime -> basicType@24(java.time.ZonedDateTime,3003)
2024-05-12T12:06:03.959+03:00 DEBUG 34416 --- [           main] org.hibernate.type.BasicTypeRegistry     : Adding type registration java.time.ZonedDateTime -> basicType@24(java.time.ZonedDateTime,3003)
2024-05-12T12:06:03.959+03:00 DEBUG 34416 --- [           main] org.hibernate.type.BasicTypeRegistry     : Adding type registration org.hibernate.type.OffsetTimeType -> basicType@25(java.time.OffsetTime,3007)
2024-05-12T12:06:03.959+03:00 DEBUG 34416 --- [           main] org.hibernate.type.BasicTypeRegistry     : Adding type registration OffsetTime -> basicType@25(java.time.OffsetTime,3007)
2024-05-12T12:06:03.959+03:00 DEBUG 34416 --- [           main] org.hibernate.type.BasicTypeRegistry     : Adding type registration java.time.OffsetTime -> basicType@25(java.time.OffsetTime,3007)
2024-05-12T12:06:03.959+03:00 DEBUG 34416 --- [           main] o.h.type.spi.TypeConfiguration$Scope     : Scoping TypeConfiguration [org.hibernate.type.spi.TypeConfiguration@2841dcb6] to MetadataBuildingContext [org.hibernate.boot.internal.MetadataBuildingContextRootImpl@7145c88]
2024-05-12T12:06:03.960+03:00 DEBUG 34416 --- [           main] o.h.boot.model.relational.Namespace      : Created database namespace [logicalName=Name{catalog=null, schema=null}, physicalName=Name{catalog=null, schema=null}]
2024-05-12T12:06:03.960+03:00 DEBUG 34416 --- [           main] o.h.boot.model.internal.EntityBinder     : Binding entity from annotated class: com.wellcare.wellcare.Models.Comment
2024-05-12T12:06:03.961+03:00 DEBUG 34416 --- [           main] o.h.boot.model.internal.EntityBinder     : Import with entity name Comment
2024-05-12T12:06:03.961+03:00 DEBUG 34416 --- [           main] o.h.boot.model.internal.EntityBinder     : Bind entity com.wellcare.wellcare.Models.Comment on table comment
2024-05-12T12:06:03.961+03:00 DEBUG 34416 --- [           main] o.h.boot.model.internal.AnnotatedColumn  : Binding column: AnnotatedDiscriminatorColumn(column='DTYPE')
2024-05-12T12:06:03.963+03:00 DEBUG 34416 --- [           main] o.h.boot.model.internal.AnnotatedColumn  : Binding column: AnnotatedColumn()
2024-05-12T12:06:03.964+03:00 DEBUG 34416 --- [           main] o.h.boot.internal.ClassLoaderAccessImpl  : Not known whether passed class name [com.wellcare.wellcare.Models.Comment] is safe
2024-05-12T12:06:03.964+03:00 DEBUG 34416 --- [           main] o.h.boot.internal.ClassLoaderAccessImpl  : No temp ClassLoader provided; using live ClassLoader for loading potentially unsafe class : com.wellcare.wellcare.Models.Comment
2024-05-12T12:06:03.964+03:00 DEBUG 34416 --- [           main] o.h.boot.model.internal.PropertyBinder   : MetadataSourceProcessor property id with lazy=false
2024-05-12T12:06:03.964+03:00 DEBUG 34416 --- [           main] o.h.b.m.internal.AbstractPropertyHolder  : Attempting to locate auto-apply AttributeConverter for property [com.wellcare.wellcare.Models.Comment:id]
2024-05-12T12:06:03.964+03:00 DEBUG 34416 --- [           main] o.h.b.model.internal.BasicValueBinder    : building BasicValue for id
2024-05-12T12:06:03.964+03:00 DEBUG 34416 --- [           main] org.hibernate.mapping.BasicValue         : Skipping column re-registration: comment.id
2024-05-12T12:06:03.964+03:00 DEBUG 34416 --- [           main] o.h.boot.model.internal.PropertyBinder   : Building property id
2024-05-12T12:06:03.965+03:00 DEBUG 34416 --- [           main] o.h.boot.model.internal.BinderHelper     : #makeIdGenerator(BasicValue([Column(id)]), id, org.hibernate.id.enhanced.SequenceStyleGenerator, , ...)
2024-05-12T12:06:03.965+03:00 DEBUG 34416 --- [           main] o.h.boot.model.internal.AnnotatedColumn  : Binding column: AnnotatedColumn()
2024-05-12T12:06:03.965+03:00 DEBUG 34416 --- [           main] o.h.boot.model.internal.PropertyBinder   : MetadataSourceProcessor property attachment with lazy=false
2024-05-12T12:06:03.965+03:00 DEBUG 34416 --- [           main] o.h.b.m.internal.AbstractPropertyHolder  : Attempting to locate auto-apply AttributeConverter for property [com.wellcare.wellcare.Models.Comment:attachment]
2024-05-12T12:06:03.965+03:00 DEBUG 34416 --- [           main] o.h.b.model.internal.BasicValueBinder    : building BasicValue for attachment
2024-05-12T12:06:03.965+03:00 DEBUG 34416 --- [           main] org.hibernate.mapping.BasicValue         : Skipping column re-registration: comment.attachment
2024-05-12T12:06:03.965+03:00 DEBUG 34416 --- [           main] o.h.boot.model.internal.PropertyBinder   : Building property attachment
2024-05-12T12:06:03.966+03:00 DEBUG 34416 --- [           main] o.h.boot.model.internal.AnnotatedColumn  : Binding column: IndexColumn(column='commentLikes_ORDER')
2024-05-12T12:06:03.966+03:00 DEBUG 34416 --- [           main] o.h.boot.model.internal.AnnotatedColumn  : Binding column: AnnotatedColumn()
2024-05-12T12:06:03.967+03:00 DEBUG 34416 --- [           main] o.h.boot.model.internal.AnnotatedColumn  : Binding column: AnnotatedColumn(column='commentLikes_KEY')
2024-05-12T12:06:03.967+03:00 DEBUG 34416 --- [           main] o.h.boot.model.internal.AnnotatedColumn  : Binding column: AnnotatedJoinColumn(column='commentLikes_KEY')
2024-05-12T12:06:03.967+03:00 DEBUG 34416 --- [           main] o.h.boot.model.internal.AnnotatedColumn  : Binding column: AnnotatedJoinColumn(column='comment_id')
2024-05-12T12:06:03.967+03:00 DEBUG 34416 --- [           main] o.h.boot.model.internal.AnnotatedColumn  : Binding column: AnnotatedJoinColumn(column='user_id')
2024-05-12T12:06:03.967+03:00 DEBUG 34416 --- [           main] o.h.b.model.internal.CollectionBinder    : Collection role: com.wellcare.wellcare.Models.Comment.commentLikes
2024-05-12T12:06:03.967+03:00 DEBUG 34416 --- [           main] o.h.boot.model.internal.PropertyBinder   : Building property commentLikes
2024-05-12T12:06:03.968+03:00 DEBUG 34416 --- [           main] o.h.boot.model.internal.AnnotatedColumn  : Binding column: AnnotatedColumn()
2024-05-12T12:06:03.968+03:00 DEBUG 34416 --- [           main] o.h.boot.model.internal.PropertyBinder   : MetadataSourceProcessor property content with lazy=false
2024-05-12T12:06:03.968+03:00 DEBUG 34416 --- [           main] o.h.b.m.internal.AbstractPropertyHolder  : Attempting to locate auto-apply AttributeConverter for property [com.wellcare.wellcare.Models.Comment:content]
2024-05-12T12:06:03.968+03:00 DEBUG 34416 --- [           main] o.h.b.model.internal.BasicValueBinder    : building BasicValue for content
2024-05-12T12:06:03.968+03:00 DEBUG 34416 --- [           main] org.hibernate.mapping.BasicValue         : Skipping column re-registration: comment.content
2024-05-12T12:06:03.968+03:00 DEBUG 34416 --- [           main] o.h.boot.model.internal.PropertyBinder   : Building property content
2024-05-12T12:06:03.968+03:00 DEBUG 34416 --- [           main] o.h.boot.model.internal.AnnotatedColumn  : Binding column: AnnotatedColumn(column='created_at')
2024-05-12T12:06:03.968+03:00 DEBUG 34416 --- [           main] o.h.boot.model.internal.PropertyBinder   : MetadataSourceProcessor property createdAt with lazy=false
2024-05-12T12:06:03.968+03:00 DEBUG 34416 --- [           main] o.h.b.m.internal.AbstractPropertyHolder  : Attempting to locate auto-apply AttributeConverter for property [com.wellcare.wellcare.Models.Comment:createdAt]
2024-05-12T12:06:03.968+03:00 DEBUG 34416 --- [           main] o.h.b.model.internal.BasicValueBinder    : building BasicValue for createdAt
2024-05-12T12:06:03.968+03:00 DEBUG 34416 --- [           main] org.hibernate.mapping.BasicValue         : Skipping column re-registration: comment.created_at
2024-05-12T12:06:03.968+03:00 DEBUG 34416 --- [           main] o.h.boot.model.internal.PropertyBinder   : Building property createdAt
2024-05-12T12:06:03.968+03:00 DEBUG 34416 --- [           main] o.h.boot.model.internal.AnnotatedColumn  : Binding column: AnnotatedColumn()
2024-05-12T12:06:03.968+03:00 DEBUG 34416 --- [           main] o.h.boot.model.internal.PropertyBinder   : MetadataSourceProcessor property noOfLikes with lazy=false
2024-05-12T12:06:03.968+03:00 DEBUG 34416 --- [           main] o.h.b.m.internal.AbstractPropertyHolder  : Attempting to locate auto-apply AttributeConverter for property [com.wellcare.wellcare.Models.Comment:noOfLikes]
2024-05-12T12:06:03.968+03:00 DEBUG 34416 --- [           main] o.h.b.model.internal.BasicValueBinder    : building BasicValue for noOfLikes
2024-05-12T12:06:03.968+03:00 DEBUG 34416 --- [           main] org.hibernate.mapping.BasicValue         : Skipping column re-registration: comment.no_of_likes
2024-05-12T12:06:03.968+03:00 DEBUG 34416 --- [           main] o.h.boot.model.internal.PropertyBinder   : Building property noOfLikes
2024-05-12T12:06:03.969+03:00 DEBUG 34416 --- [           main] o.h.boot.model.internal.AnnotatedColumn  : Binding column: AnnotatedJoinColumn(column='user_id')
2024-05-12T12:06:03.969+03:00 DEBUG 34416 --- [           main] o.h.boot.model.internal.AnnotatedColumn  : Binding column: AnnotatedColumn()
2024-05-12T12:06:03.969+03:00 DEBUG 34416 --- [           main] o.h.boot.model.internal.PropertyBinder   : Building property user
2024-05-12T12:06:03.970+03:00 DEBUG 34416 --- [           main] o.h.b.r.c.i.ClassLoaderServiceImpl       : HHH000194: Package not found or wo package-info.java: com.wellcare.wellcare.Models
2024-05-12T12:06:03.971+03:00 DEBUG 34416 --- [           main] o.h.boot.model.internal.EntityBinder     : Binding entity from annotated class: com.wellcare.wellcare.Models.Message
2024-05-12T12:06:03.972+03:00 DEBUG 34416 --- [           main] o.h.boot.model.internal.EntityBinder     : Import with entity name Message
2024-05-12T12:06:03.972+03:00 DEBUG 34416 --- [           main] o.h.boot.model.internal.EntityBinder     : Bind entity com.wellcare.wellcare.Models.Message on table messages
2024-05-12T12:06:03.972+03:00 DEBUG 34416 --- [           main] o.h.boot.model.internal.AnnotatedColumn  : Binding column: AnnotatedDiscriminatorColumn(column='DTYPE')
2024-05-12T12:06:03.973+03:00 DEBUG 34416 --- [           main] o.h.boot.model.internal.AnnotatedColumn  : Binding column: AnnotatedColumn()
2024-05-12T12:06:03.973+03:00 DEBUG 34416 --- [           main] o.h.boot.internal.ClassLoaderAccessImpl  : Not known whether passed class name [com.wellcare.wellcare.Models.Message] is safe
2024-05-12T12:06:03.973+03:00 DEBUG 34416 --- [           main] o.h.boot.internal.ClassLoaderAccessImpl  : No temp ClassLoader provided; using live ClassLoader for loading potentially unsafe class : com.wellcare.wellcare.Models.Message
2024-05-12T12:06:03.973+03:00 DEBUG 34416 --- [           main] o.h.boot.model.internal.PropertyBinder   : MetadataSourceProcessor property id with lazy=false
2024-05-12T12:06:03.973+03:00 DEBUG 34416 --- [           main] o.h.b.m.internal.AbstractPropertyHolder  : Attempting to locate auto-apply AttributeConverter for property [com.wellcare.wellcare.Models.Message:id]
2024-05-12T12:06:03.973+03:00 DEBUG 34416 --- [           main] o.h.b.model.internal.BasicValueBinder    : building BasicValue for id
2024-05-12T12:06:03.974+03:00 DEBUG 34416 --- [           main] org.hibernate.mapping.BasicValue         : Skipping column re-registration: messages.id
2024-05-12T12:06:03.974+03:00 DEBUG 34416 --- [           main] o.h.boot.model.internal.PropertyBinder   : Building property id
2024-05-12T12:06:03.974+03:00 DEBUG 34416 --- [           main] o.h.boot.model.internal.BinderHelper     : #makeIdGenerator(BasicValue([Column(id)]), id, identity, , ...)
2024-05-12T12:06:03.975+03:00 DEBUG 34416 --- [           main] o.h.boot.model.internal.AnnotatedColumn  : Binding column: AnnotatedColumn(column='attachment_url')
2024-05-12T12:06:03.975+03:00 DEBUG 34416 --- [           main] o.h.boot.model.internal.AnnotatedColumn  : Binding column: AnnotatedJoinColumn()
2024-05-12T12:06:03.975+03:00 DEBUG 34416 --- [           main] o.h.boot.model.internal.AnnotatedColumn  : Binding column: IndexColumn(column='attachment_ORDER')
2024-05-12T12:06:03.975+03:00 DEBUG 34416 --- [           main] o.h.boot.model.internal.AnnotatedColumn  : Binding column: AnnotatedColumn(column='attachment_url')
2024-05-12T12:06:03.975+03:00 DEBUG 34416 --- [           main] o.h.boot.model.internal.AnnotatedColumn  : Binding column: AnnotatedColumn(column='attachment_KEY')
2024-05-12T12:06:03.976+03:00 DEBUG 34416 --- [           main] o.h.boot.model.internal.AnnotatedColumn  : Binding column: AnnotatedJoinColumn(column='attachment_KEY')
2024-05-12T12:06:03.976+03:00 DEBUG 34416 --- [           main] o.h.boot.model.internal.AnnotatedColumn  : Binding column: AnnotatedJoinColumn(column='message_id')
2024-05-12T12:06:03.976+03:00 DEBUG 34416 --- [           main] o.h.boot.model.internal.AnnotatedColumn  : Binding column: AnnotatedJoinColumn()
2024-05-12T12:06:03.976+03:00 DEBUG 34416 --- [           main] o.h.b.model.internal.CollectionBinder    : Collection role: com.wellcare.wellcare.Models.Message.attachment
2024-05-12T12:06:03.976+03:00 DEBUG 34416 --- [           main] o.h.boot.model.internal.PropertyBinder   : Building property attachment
2024-05-12T12:06:03.977+03:00 DEBUG 34416 --- [           main] o.h.boot.model.internal.AnnotatedColumn  : Binding column: AnnotatedColumn(column='content')
2024-05-12T12:06:03.977+03:00 DEBUG 34416 --- [           main] o.h.boot.model.internal.PropertyBinder   : MetadataSourceProcessor property content with lazy=false
2024-05-12T12:06:03.977+03:00 DEBUG 34416 --- [           main] o.h.b.m.internal.AbstractPropertyHolder  : Attempting to locate auto-apply AttributeConverter for property [com.wellcare.wellcare.Models.Message:content]
2024-05-12T12:06:03.977+03:00 DEBUG 34416 --- [           main] o.h.b.model.internal.BasicValueBinder    : building BasicValue for content
2024-05-12T12:06:03.977+03:00 DEBUG 34416 --- [           main] org.hibernate.mapping.BasicValue         : Skipping column re-registration: messages.content
2024-05-12T12:06:03.977+03:00 DEBUG 34416 --- [           main] o.h.boot.model.internal.PropertyBinder   : Building property content
2024-05-12T12:06:03.978+03:00 DEBUG 34416 --- [           main] o.h.boot.model.internal.AnnotatedColumn  : Binding column: AnnotatedJoinColumn(column='from_user_id')
2024-05-12T12:06:03.978+03:00 DEBUG 34416 --- [           main] o.h.boot.model.internal.AnnotatedColumn  : Binding column: AnnotatedColumn()
2024-05-12T12:06:03.978+03:00 DEBUG 34416 --- [           main] o.h.boot.model.internal.PropertyBinder   : Building property fromUser
2024-05-12T12:06:03.978+03:00 DEBUG 34416 --- [           main] o.h.boot.model.internal.AnnotatedColumn  : Binding column: AnnotatedColumn(column='status')
2024-05-12T12:06:03.979+03:00 DEBUG 34416 --- [           main] o.h.boot.model.internal.PropertyBinder   : MetadataSourceProcessor property status with lazy=false
2024-05-12T12:06:03.979+03:00 DEBUG 34416 --- [           main] o.h.b.m.internal.AbstractPropertyHolder  : Attempting to locate auto-apply AttributeConverter for property [com.wellcare.wellcare.Models.Message:status]
2024-05-12T12:06:03.979+03:00 DEBUG 34416 --- [           main] o.h.b.model.internal.BasicValueBinder    : building BasicValue for status
2024-05-12T12:06:03.979+03:00 DEBUG 34416 --- [           main] org.hibernate.mapping.BasicValue         : Skipping column re-registration: messages.status
2024-05-12T12:06:03.979+03:00 DEBUG 34416 --- [           main] o.h.boot.model.internal.PropertyBinder   : Building property status
2024-05-12T12:06:03.979+03:00 DEBUG 34416 --- [           main] o.h.boot.model.internal.AnnotatedColumn  : Binding column: AnnotatedColumn(column='time')
2024-05-12T12:06:03.979+03:00 DEBUG 34416 --- [           main] o.h.boot.model.internal.PropertyBinder   : MetadataSourceProcessor property time with lazy=false
2024-05-12T12:06:03.979+03:00 DEBUG 34416 --- [           main] o.h.b.m.internal.AbstractPropertyHolder  : Attempting to locate auto-apply AttributeConverter for property [com.wellcare.wellcare.Models.Message:time]
2024-05-12T12:06:03.979+03:00 DEBUG 34416 --- [           main] o.h.b.model.internal.BasicValueBinder    : building BasicValue for time
2024-05-12T12:06:03.979+03:00 DEBUG 34416 --- [           main] org.hibernate.mapping.BasicValue         : Skipping column re-registration: messages.time
2024-05-12T12:06:03.979+03:00 DEBUG 34416 --- [           main] o.h.boot.model.internal.PropertyBinder   : Building property time
2024-05-12T12:06:03.979+03:00 DEBUG 34416 --- [           main] o.h.boot.model.internal.AnnotatedColumn  : Binding column: AnnotatedJoinColumn(column='to_user_id')
2024-05-12T12:06:03.979+03:00 DEBUG 34416 --- [           main] o.h.boot.model.internal.AnnotatedColumn  : Binding column: AnnotatedColumn()
2024-05-12T12:06:03.979+03:00 DEBUG 34416 --- [           main] o.h.boot.model.internal.PropertyBinder   : Building property toUser
2024-05-12T12:06:03.982+03:00 DEBUG 34416 --- [           main] o.h.b.r.c.i.ClassLoaderServiceImpl       : HHH000194: Package not found or wo package-info.java: com.wellcare.wellcare.Models
2024-05-12T12:06:03.982+03:00 DEBUG 34416 --- [           main] o.h.boot.model.internal.EntityBinder     : Binding entity from annotated class: com.wellcare.wellcare.Models.Post
2024-05-12T12:06:03.983+03:00 DEBUG 34416 --- [           main] o.h.boot.model.internal.EntityBinder     : Import with entity name Post
2024-05-12T12:06:03.983+03:00 DEBUG 34416 --- [           main] o.h.boot.model.internal.EntityBinder     : Bind entity com.wellcare.wellcare.Models.Post on table post
2024-05-12T12:06:03.983+03:00 DEBUG 34416 --- [           main] o.h.boot.model.internal.AnnotatedColumn  : Binding column: AnnotatedDiscriminatorColumn(column='DTYPE')
2024-05-12T12:06:03.984+03:00 DEBUG 34416 --- [           main] o.h.boot.model.internal.AnnotatedColumn  : Binding column: AnnotatedColumn()
2024-05-12T12:06:03.985+03:00 DEBUG 34416 --- [           main] o.h.boot.internal.ClassLoaderAccessImpl  : Not known whether passed class name [com.wellcare.wellcare.Models.Post] is safe
2024-05-12T12:06:03.985+03:00 DEBUG 34416 --- [           main] o.h.boot.internal.ClassLoaderAccessImpl  : No temp ClassLoader provided; using live ClassLoader for loading potentially unsafe class : com.wellcare.wellcare.Models.Post
2024-05-12T12:06:03.985+03:00 DEBUG 34416 --- [           main] o.h.boot.model.internal.PropertyBinder   : MetadataSourceProcessor property id with lazy=false
2024-05-12T12:06:03.985+03:00 DEBUG 34416 --- [           main] o.h.b.m.internal.AbstractPropertyHolder  : Attempting to locate auto-apply AttributeConverter for property [com.wellcare.wellcare.Models.Post:id]
2024-05-12T12:06:03.985+03:00 DEBUG 34416 --- [           main] o.h.b.model.internal.BasicValueBinder    : building BasicValue for id
2024-05-12T12:06:03.985+03:00 DEBUG 34416 --- [           main] org.hibernate.mapping.BasicValue         : Skipping column re-registration: post.id
2024-05-12T12:06:03.985+03:00 DEBUG 34416 --- [           main] o.h.boot.model.internal.PropertyBinder   : Building property id
2024-05-12T12:06:03.985+03:00 DEBUG 34416 --- [           main] o.h.boot.model.internal.BinderHelper     : #makeIdGenerator(BasicValue([Column(id)]), id, org.hibernate.id.enhanced.SequenceStyleGenerator, , ...)
2024-05-12T12:06:03.986+03:00 DEBUG 34416 --- [           main] o.h.boot.model.internal.AnnotatedColumn  : Binding column: AnnotatedColumn(column='attachment_url')
2024-05-12T12:06:03.986+03:00 DEBUG 34416 --- [           main] o.h.boot.model.internal.AnnotatedColumn  : Binding column: AnnotatedJoinColumn()
2024-05-12T12:06:03.986+03:00 DEBUG 34416 --- [           main] o.h.boot.model.internal.AnnotatedColumn  : Binding column: IndexColumn(column='attachment_ORDER')
2024-05-12T12:06:03.986+03:00 DEBUG 34416 --- [           main] o.h.boot.model.internal.AnnotatedColumn  : Binding column: AnnotatedColumn(column='attachment_url')
2024-05-12T12:06:03.986+03:00 DEBUG 34416 --- [           main] o.h.boot.model.internal.AnnotatedColumn  : Binding column: AnnotatedColumn(column='attachment_KEY')
2024-05-12T12:06:03.986+03:00 DEBUG 34416 --- [           main] o.h.boot.model.internal.AnnotatedColumn  : Binding column: AnnotatedJoinColumn(column='attachment_KEY')
2024-05-12T12:06:03.987+03:00 DEBUG 34416 --- [           main] o.h.boot.model.internal.AnnotatedColumn  : Binding column: AnnotatedJoinColumn(column='post_id')
2024-05-12T12:06:03.987+03:00 DEBUG 34416 --- [           main] o.h.boot.model.internal.AnnotatedColumn  : Binding column: AnnotatedJoinColumn()
2024-05-12T12:06:03.987+03:00 DEBUG 34416 --- [           main] o.h.b.model.internal.CollectionBinder    : Collection role: com.wellcare.wellcare.Models.Post.attachment
2024-05-12T12:06:03.987+03:00 DEBUG 34416 --- [           main] o.h.boot.model.internal.PropertyBinder   : Building property attachment
2024-05-12T12:06:03.988+03:00 DEBUG 34416 --- [           main] o.h.boot.model.internal.AnnotatedColumn  : Binding column: AnnotatedJoinColumn()
2024-05-12T12:06:03.988+03:00 DEBUG 34416 --- [           main] o.h.boot.model.internal.AnnotatedColumn  : Binding column: AnnotatedColumn()
2024-05-12T12:06:03.988+03:00 DEBUG 34416 --- [           main] o.h.boot.model.internal.AnnotatedColumn  : Binding column: IndexColumn(column='comments_ORDER')
2024-05-12T12:06:03.988+03:00 DEBUG 34416 --- [           main] o.h.boot.model.internal.AnnotatedColumn  : Binding column: AnnotatedColumn()
2024-05-12T12:06:03.989+03:00 DEBUG 34416 --- [           main] o.h.boot.model.internal.AnnotatedColumn  : Binding column: AnnotatedColumn(column='comments_KEY')
2024-05-12T12:06:03.989+03:00 DEBUG 34416 --- [           main] o.h.boot.model.internal.AnnotatedColumn  : Binding column: AnnotatedJoinColumn(column='comments_KEY')
2024-05-12T12:06:03.989+03:00 DEBUG 34416 --- [           main] o.h.boot.model.internal.AnnotatedColumn  : Binding column: AnnotatedJoinColumn()
2024-05-12T12:06:03.989+03:00 DEBUG 34416 --- [           main] o.h.boot.model.internal.AnnotatedColumn  : Binding column: AnnotatedJoinColumn()
2024-05-12T12:06:03.989+03:00 DEBUG 34416 --- [           main] o.h.b.model.internal.CollectionBinder    : Collection role: com.wellcare.wellcare.Models.Post.comments
2024-05-12T12:06:03.989+03:00 DEBUG 34416 --- [           main] o.h.boot.model.internal.PropertyBinder   : Building property comments
2024-05-12T12:06:03.989+03:00 DEBUG 34416 --- [           main] o.h.boot.model.internal.AnnotatedColumn  : Binding column: AnnotatedColumn()
2024-05-12T12:06:03.989+03:00 DEBUG 34416 --- [           main] o.h.boot.model.internal.PropertyBinder   : MetadataSourceProcessor property content with lazy=false
2024-05-12T12:06:03.990+03:00 DEBUG 34416 --- [           main] o.h.b.m.internal.AbstractPropertyHolder  : Attempting to locate auto-apply AttributeConverter for property [com.wellcare.wellcare.Models.Post:content]
2024-05-12T12:06:03.990+03:00 DEBUG 34416 --- [           main] o.h.b.model.internal.BasicValueBinder    : building BasicValue for content
2024-05-12T12:06:03.990+03:00 DEBUG 34416 --- [           main] org.hibernate.mapping.BasicValue         : Skipping column re-registration: post.content
2024-05-12T12:06:03.990+03:00 DEBUG 34416 --- [           main] o.h.boot.model.internal.PropertyBinder   : Building property content
2024-05-12T12:06:03.990+03:00 DEBUG 34416 --- [           main] o.h.boot.model.internal.AnnotatedColumn  : Binding column: AnnotatedColumn()
2024-05-12T12:06:03.991+03:00 DEBUG 34416 --- [           main] o.h.boot.model.internal.PropertyBinder   : MetadataSourceProcessor property createdAt with lazy=false
2024-05-12T12:06:03.991+03:00 DEBUG 34416 --- [           main] o.h.b.m.internal.AbstractPropertyHolder  : Attempting to locate auto-apply AttributeConverter for property [com.wellcare.wellcare.Models.Post:createdAt]
2024-05-12T12:06:03.991+03:00 DEBUG 34416 --- [           main] o.h.b.model.internal.BasicValueBinder    : building BasicValue for createdAt
2024-05-12T12:06:03.991+03:00 DEBUG 34416 --- [           main] org.hibernate.mapping.BasicValue         : Skipping column re-registration: post.created_at
2024-05-12T12:06:03.991+03:00 DEBUG 34416 --- [           main] o.h.boot.model.internal.PropertyBinder   : Building property createdAt
2024-05-12T12:06:03.991+03:00 DEBUG 34416 --- [           main] o.h.boot.model.internal.AnnotatedColumn  : Binding column: IndexColumn(column='likes_ORDER')
2024-05-12T12:06:03.992+03:00 DEBUG 34416 --- [           main] o.h.boot.model.internal.AnnotatedColumn  : Binding column: AnnotatedColumn()
2024-05-12T12:06:03.992+03:00 DEBUG 34416 --- [           main] o.h.boot.model.internal.AnnotatedColumn  : Binding column: AnnotatedColumn(column='likes_KEY')
2024-05-12T12:06:03.993+03:00 DEBUG 34416 --- [           main] o.h.boot.model.internal.AnnotatedColumn  : Binding column: AnnotatedJoinColumn(column='likes_KEY')
2024-05-12T12:06:03.993+03:00 DEBUG 34416 --- [           main] o.h.boot.model.internal.AnnotatedColumn  : Binding column: AnnotatedJoinColumn(column='post_id')
2024-05-12T12:06:03.993+03:00 DEBUG 34416 --- [           main] o.h.boot.model.internal.AnnotatedColumn  : Binding column: AnnotatedJoinColumn(column='user_id')
2024-05-12T12:06:03.993+03:00 DEBUG 34416 --- [           main] o.h.b.model.internal.CollectionBinder    : Collection role: com.wellcare.wellcare.Models.Post.likes
2024-05-12T12:06:03.993+03:00 DEBUG 34416 --- [           main] o.h.boot.model.internal.PropertyBinder   : Building property likes
2024-05-12T12:06:03.993+03:00 DEBUG 34416 --- [           main] o.h.boot.model.internal.AnnotatedColumn  : Binding column: AnnotatedColumn()
2024-05-12T12:06:03.993+03:00 DEBUG 34416 --- [           main] o.h.boot.model.internal.PropertyBinder   : MetadataSourceProcessor property location with lazy=false
2024-05-12T12:06:03.993+03:00 DEBUG 34416 --- [           main] o.h.b.m.internal.AbstractPropertyHolder  : Attempting to locate auto-apply AttributeConverter for property [com.wellcare.wellcare.Models.Post:location]
2024-05-12T12:06:03.993+03:00 DEBUG 34416 --- [           main] o.h.b.model.internal.BasicValueBinder    : building BasicValue for location
2024-05-12T12:06:03.993+03:00 DEBUG 34416 --- [           main] org.hibernate.mapping.BasicValue         : Skipping column re-registration: post.location
2024-05-12T12:06:03.993+03:00 DEBUG 34416 --- [           main] o.h.boot.model.internal.PropertyBinder   : Building property location
2024-05-12T12:06:03.993+03:00 DEBUG 34416 --- [           main] o.h.boot.model.internal.AnnotatedColumn  : Binding column: AnnotatedColumn()
2024-05-12T12:06:03.993+03:00 DEBUG 34416 --- [           main] o.h.boot.model.internal.PropertyBinder   : MetadataSourceProcessor property noOfComments with lazy=false
2024-05-12T12:06:03.993+03:00 DEBUG 34416 --- [           main] o.h.b.m.internal.AbstractPropertyHolder  : Attempting to locate auto-apply AttributeConverter for property [com.wellcare.wellcare.Models.Post:noOfComments]
2024-05-12T12:06:03.993+03:00 DEBUG 34416 --- [           main] o.h.b.model.internal.BasicValueBinder    : building BasicValue for noOfComments
2024-05-12T12:06:03.993+03:00 DEBUG 34416 --- [           main] org.hibernate.mapping.BasicValue         : Skipping column re-registration: post.no_of_comments
2024-05-12T12:06:03.993+03:00 DEBUG 34416 --- [           main] o.h.boot.model.internal.PropertyBinder   : Building property noOfComments
2024-05-12T12:06:03.993+03:00 DEBUG 34416 --- [           main] o.h.boot.model.internal.AnnotatedColumn  : Binding column: AnnotatedColumn()
2024-05-12T12:06:03.993+03:00 DEBUG 34416 --- [           main] o.h.boot.model.internal.PropertyBinder   : MetadataSourceProcessor property noOfLikes with lazy=false
2024-05-12T12:06:03.993+03:00 DEBUG 34416 --- [           main] o.h.b.m.internal.AbstractPropertyHolder  : Attempting to locate auto-apply AttributeConverter for property [com.wellcare.wellcare.Models.Post:noOfLikes]
2024-05-12T12:06:03.993+03:00 DEBUG 34416 --- [           main] o.h.b.model.internal.BasicValueBinder    : building BasicValue for noOfLikes
2024-05-12T12:06:03.993+03:00 DEBUG 34416 --- [           main] org.hibernate.mapping.BasicValue         : Skipping column re-registration: post.no_of_likes
2024-05-12T12:06:03.994+03:00 DEBUG 34416 --- [           main] o.h.boot.model.internal.PropertyBinder   : Building property noOfLikes
2024-05-12T12:06:03.994+03:00 DEBUG 34416 --- [           main] o.h.boot.model.internal.AnnotatedColumn  : Binding column: AnnotatedJoinColumn(column='user_id')
2024-05-12T12:06:03.994+03:00 DEBUG 34416 --- [           main] o.h.boot.model.internal.AnnotatedColumn  : Binding column: AnnotatedColumn()
2024-05-12T12:06:03.995+03:00 DEBUG 34416 --- [           main] o.h.boot.model.internal.PropertyBinder   : Building property user
2024-05-12T12:06:03.997+03:00 DEBUG 34416 --- [           main] o.h.b.r.c.i.ClassLoaderServiceImpl       : HHH000194: Package not found or wo package-info.java: com.wellcare.wellcare.Models
2024-05-12T12:06:04.000+03:00 DEBUG 34416 --- [           main] o.h.boot.model.internal.EntityBinder     : Binding entity from annotated class: com.wellcare.wellcare.Models.Relationship
2024-05-12T12:06:04.001+03:00 DEBUG 34416 --- [           main] o.h.boot.model.internal.EntityBinder     : Import with entity name Relationship
2024-05-12T12:06:04.001+03:00 DEBUG 34416 --- [           main] o.h.boot.model.internal.EntityBinder     : Bind entity com.wellcare.wellcare.Models.Relationship on table relationship
2024-05-12T12:06:04.001+03:00 DEBUG 34416 --- [           main] o.h.boot.model.internal.AnnotatedColumn  : Binding column: AnnotatedDiscriminatorColumn(column='DTYPE')
2024-05-12T12:06:04.003+03:00 DEBUG 34416 --- [           main] o.h.boot.model.internal.AnnotatedColumn  : Binding column: AnnotatedColumn()
2024-05-12T12:06:04.003+03:00 DEBUG 34416 --- [           main] o.h.boot.internal.ClassLoaderAccessImpl  : Not known whether passed class name [com.wellcare.wellcare.Models.Relationship] is safe
2024-05-12T12:06:04.003+03:00 DEBUG 34416 --- [           main] o.h.boot.internal.ClassLoaderAccessImpl  : No temp ClassLoader provided; using live ClassLoader for loading potentially unsafe class : com.wellcare.wellcare.Models.Relationship
2024-05-12T12:06:04.003+03:00 DEBUG 34416 --- [           main] o.h.boot.model.internal.PropertyBinder   : MetadataSourceProcessor property id with lazy=false
2024-05-12T12:06:04.003+03:00 DEBUG 34416 --- [           main] o.h.b.m.internal.AbstractPropertyHolder  : Attempting to locate auto-apply AttributeConverter for property [com.wellcare.wellcare.Models.Relationship:id]
2024-05-12T12:06:04.003+03:00 DEBUG 34416 --- [           main] o.h.b.model.internal.BasicValueBinder    : building BasicValue for id
2024-05-12T12:06:04.003+03:00 DEBUG 34416 --- [           main] org.hibernate.mapping.BasicValue         : Skipping column re-registration: relationship.id
2024-05-12T12:06:04.003+03:00 DEBUG 34416 --- [           main] o.h.boot.model.internal.PropertyBinder   : Building property id
2024-05-12T12:06:04.003+03:00 DEBUG 34416 --- [           main] o.h.boot.model.internal.BinderHelper     : #makeIdGenerator(BasicValue([Column(id)]), id, identity, , ...)
2024-05-12T12:06:04.004+03:00 DEBUG 34416 --- [           main] o.h.boot.model.internal.AnnotatedColumn  : Binding column: AnnotatedJoinColumn(column='action_user_id',referencedColumn='id')
2024-05-12T12:06:04.004+03:00 DEBUG 34416 --- [           main] o.h.boot.model.internal.AnnotatedColumn  : Binding column: AnnotatedColumn()
2024-05-12T12:06:04.004+03:00 DEBUG 34416 --- [           main] o.h.boot.model.internal.PropertyBinder   : Building property actionUser
2024-05-12T12:06:04.004+03:00 DEBUG 34416 --- [           main] o.h.boot.model.internal.AnnotatedColumn  : Binding column: AnnotatedColumn(column='status')
2024-05-12T12:06:04.004+03:00 DEBUG 34416 --- [           main] o.h.boot.model.internal.PropertyBinder   : MetadataSourceProcessor property status with lazy=false
2024-05-12T12:06:04.004+03:00 DEBUG 34416 --- [           main] o.h.b.m.internal.AbstractPropertyHolder  : Attempting to locate auto-apply AttributeConverter for property [com.wellcare.wellcare.Models.Relationship:status]
2024-05-12T12:06:04.004+03:00 DEBUG 34416 --- [           main] o.h.b.model.internal.BasicValueBinder    : building BasicValue for status
2024-05-12T12:06:04.005+03:00 DEBUG 34416 --- [           main] org.hibernate.mapping.BasicValue         : Skipping column re-registration: relationship.status
2024-05-12T12:06:04.005+03:00 DEBUG 34416 --- [           main] o.h.boot.model.internal.PropertyBinder   : Building property status
2024-05-12T12:06:04.005+03:00 DEBUG 34416 --- [           main] o.h.boot.model.internal.AnnotatedColumn  : Binding column: AnnotatedColumn(column='time')
2024-05-12T12:06:04.005+03:00 DEBUG 34416 --- [           main] o.h.boot.model.internal.PropertyBinder   : MetadataSourceProcessor property time with lazy=false
2024-05-12T12:06:04.005+03:00 DEBUG 34416 --- [           main] o.h.b.m.internal.AbstractPropertyHolder  : Attempting to locate auto-apply AttributeConverter for property [com.wellcare.wellcare.Models.Relationship:time]
2024-05-12T12:06:04.005+03:00 DEBUG 34416 --- [           main] o.h.b.model.internal.BasicValueBinder    : building BasicValue for time
2024-05-12T12:06:04.005+03:00 DEBUG 34416 --- [           main] org.hibernate.mapping.BasicValue         : Skipping column re-registration: relationship.time
2024-05-12T12:06:04.005+03:00 DEBUG 34416 --- [           main] o.h.boot.model.internal.PropertyBinder   : Building property time
2024-05-12T12:06:04.005+03:00 DEBUG 34416 --- [           main] o.h.boot.model.internal.AnnotatedColumn  : Binding column: AnnotatedJoinColumn(column='user_one_id',referencedColumn='id')
2024-05-12T12:06:04.005+03:00 DEBUG 34416 --- [           main] o.h.boot.model.internal.AnnotatedColumn  : Binding column: AnnotatedColumn()
2024-05-12T12:06:04.005+03:00 DEBUG 34416 --- [           main] o.h.boot.model.internal.PropertyBinder   : Building property userOne
2024-05-12T12:06:04.006+03:00 DEBUG 34416 --- [           main] o.h.boot.model.internal.AnnotatedColumn  : Binding column: AnnotatedJoinColumn(column='user_two_id',referencedColumn='id')
2024-05-12T12:06:04.006+03:00 DEBUG 34416 --- [           main] o.h.boot.model.internal.AnnotatedColumn  : Binding column: AnnotatedColumn()
2024-05-12T12:06:04.006+03:00 DEBUG 34416 --- [           main] o.h.boot.model.internal.PropertyBinder   : Building property userTwo
2024-05-12T12:06:04.007+03:00 DEBUG 34416 --- [           main] o.h.b.r.c.i.ClassLoaderServiceImpl       : HHH000194: Package not found or wo package-info.java: com.wellcare.wellcare.Models
2024-05-12T12:06:04.010+03:00 DEBUG 34416 --- [           main] o.h.boot.model.internal.EntityBinder     : Binding entity from annotated class: com.wellcare.wellcare.Models.User
2024-05-12T12:06:04.011+03:00 DEBUG 34416 --- [           main] o.h.boot.model.internal.EntityBinder     : Import with entity name User
2024-05-12T12:06:04.011+03:00 DEBUG 34416 --- [           main] o.h.boot.model.internal.EntityBinder     : Bind entity com.wellcare.wellcare.Models.User on table user
2024-05-12T12:06:04.012+03:00 DEBUG 34416 --- [           main] o.h.boot.model.internal.AnnotatedColumn  : Binding column: AnnotatedDiscriminatorColumn(column='DTYPE')
2024-05-12T12:06:04.012+03:00 DEBUG 34416 --- [           main] o.h.boot.model.internal.AnnotatedColumn  : Binding column: AnnotatedColumn()
2024-05-12T12:06:04.012+03:00 DEBUG 34416 --- [           main] o.h.boot.internal.ClassLoaderAccessImpl  : Not known whether passed class name [com.wellcare.wellcare.Models.User] is safe
2024-05-12T12:06:04.012+03:00 DEBUG 34416 --- [           main] o.h.boot.internal.ClassLoaderAccessImpl  : No temp ClassLoader provided; using live ClassLoader for loading potentially unsafe class : com.wellcare.wellcare.Models.User
2024-05-12T12:06:04.012+03:00 DEBUG 34416 --- [           main] o.h.boot.model.internal.PropertyBinder   : MetadataSourceProcessor property id with lazy=false
2024-05-12T12:06:04.012+03:00 DEBUG 34416 --- [           main] o.h.b.m.internal.AbstractPropertyHolder  : Attempting to locate auto-apply AttributeConverter for property [com.wellcare.wellcare.Models.User:id]
2024-05-12T12:06:04.012+03:00 DEBUG 34416 --- [           main] o.h.b.model.internal.BasicValueBinder    : building BasicValue for id
2024-05-12T12:06:04.012+03:00 DEBUG 34416 --- [           main] org.hibernate.mapping.BasicValue         : Skipping column re-registration: user.id
2024-05-12T12:06:04.012+03:00 DEBUG 34416 --- [           main] o.h.boot.model.internal.PropertyBinder   : Building property id
2024-05-12T12:06:04.012+03:00 DEBUG 34416 --- [           main] o.h.boot.model.internal.BinderHelper     : #makeIdGenerator(BasicValue([Column(id)]), id, org.hibernate.id.enhanced.SequenceStyleGenerator, , ...)
2024-05-12T12:06:04.012+03:00 DEBUG 34416 --- [           main] o.h.boot.model.internal.AnnotatedColumn  : Binding column: AnnotatedColumn()
2024-05-12T12:06:04.012+03:00 DEBUG 34416 --- [           main] o.h.boot.model.internal.PropertyBinder   : MetadataSourceProcessor property attachment with lazy=false
2024-05-12T12:06:04.012+03:00 DEBUG 34416 --- [           main] o.h.b.m.internal.AbstractPropertyHolder  : Attempting to locate auto-apply AttributeConverter for property [com.wellcare.wellcare.Models.User:attachment]
2024-05-12T12:06:04.012+03:00 DEBUG 34416 --- [           main] o.h.b.model.internal.BasicValueBinder    : building BasicValue for attachment
2024-05-12T12:06:04.012+03:00 DEBUG 34416 --- [           main] org.hibernate.mapping.BasicValue         : Skipping column re-registration: user.attachment
2024-05-12T12:06:04.012+03:00 DEBUG 34416 --- [           main] o.h.boot.model.internal.PropertyBinder   : Building property attachment
2024-05-12T12:06:04.012+03:00 DEBUG 34416 --- [           main] o.h.boot.model.internal.AnnotatedColumn  : Binding column: AnnotatedColumn()
2024-05-12T12:06:04.012+03:00 DEBUG 34416 --- [           main] o.h.boot.model.internal.PropertyBinder   : MetadataSourceProcessor property bio with lazy=false
2024-05-12T12:06:04.012+03:00 DEBUG 34416 --- [           main] o.h.b.m.internal.AbstractPropertyHolder  : Attempting to locate auto-apply AttributeConverter for property [com.wellcare.wellcare.Models.User:bio]
[...]
	at org.springframework.context.support.AbstractApplicationContext.finishBeanFactoryInitialization(AbstractApplicationContext.java:959) ~[spring-context-6.1.4.jar:6.1.4]
	at org.springframework.context.support.AbstractApplicationContext.refresh(AbstractApplicationContext.java:624) ~[spring-context-6.1.4.jar:6.1.4]
	at org.springframework.boot.SpringApplication.refresh(SpringApplication.java:754) ~[spring-boot-3.2.3.jar:3.2.3]
	at org.springframework.boot.SpringApplication.refreshContext(SpringApplication.java:456) ~[spring-boot-3.2.3.jar:3.2.3]
	at org.springframework.boot.SpringApplication.run(SpringApplication.java:334) ~[spring-boot-3.2.3.jar:3.2.3]
	at org.springframework.boot.test.context.SpringBootContextLoader.lambda$loadContext$3(SpringBootContextLoader.java:137) ~[spring-boot-test-3.2.3.jar:3.2.3]
	at org.springframework.util.function.ThrowingSupplier.get(ThrowingSupplier.java:58) ~[spring-core-6.1.4.jar:6.1.4]
	at org.springframework.util.function.ThrowingSupplier.get(ThrowingSupplier.java:46) ~[spring-core-6.1.4.jar:6.1.4]
	at org.springframework.boot.SpringApplication.withHook(SpringApplication.java:1454) ~[spring-boot-3.2.3.jar:3.2.3]
	at org.springframework.boot.test.context.SpringBootContextLoader$ContextLoaderHook.run(SpringBootContextLoader.java:553) ~[spring-boot-test-3.2.3.jar:3.2.3]
	at org.springframework.boot.test.context.SpringBootContextLoader.loadContext(SpringBootContextLoader.java:137) ~[spring-boot-test-3.2.3.jar:3.2.3]
	at org.springframework.boot.test.context.SpringBootContextLoader.loadContext(SpringBootContextLoader.java:108) ~[spring-boot-test-3.2.3.jar:3.2.3]
	at org.springframework.test.context.cache.DefaultCacheAwareContextLoaderDelegate.loadContextInternal(DefaultCacheAwareContextLoaderDelegate.java:225) ~[spring-test-6.1.4.jar:6.1.4]
	at org.springframework.test.context.cache.DefaultCacheAwareContextLoaderDelegate.loadContext(DefaultCacheAwareContextLoaderDelegate.java:152) ~[spring-test-6.1.4.jar:6.1.4]
	at org.springframework.test.context.support.DefaultTestContext.getApplicationContext(DefaultTestContext.java:130) ~[spring-test-6.1.4.jar:6.1.4]
	at org.springframework.test.context.web.ServletTestExecutionListener.setUpRequestContextIfNecessary(ServletTestExecutionListener.java:191) ~[spring-test-6.1.4.jar:6.1.4]
	at org.springframework.test.context.web.ServletTestExecutionListener.prepareTestInstance(ServletTestExecutionListener.java:130) ~[spring-test-6.1.4.jar:6.1.4]
	at org.springframework.test.context.TestContextManager.prepareTestInstance(TestContextManager.java:260) ~[spring-test-6.1.4.jar:6.1.4]
	at org.springframework.test.context.junit.jupiter.SpringExtension.postProcessTestInstance(SpringExtension.java:163) ~[spring-test-6.1.4.jar:6.1.4]
	at org.junit.jupiter.engine.descriptor.ClassBasedTestDescriptor.lambda$invokeTestInstancePostProcessors$10(ClassBasedTestDescriptor.java:378) ~[junit-jupiter-engine-5.10.2.jar:5.10.2]
	at org.junit.jupiter.engine.descriptor.ClassBasedTestDescriptor.executeAndMaskThrowable(ClassBasedTestDescriptor.java:383) ~[junit-jupiter-engine-5.10.2.jar:5.10.2]
	at org.junit.jupiter.engine.descriptor.ClassBasedTestDescriptor.lambda$invokeTestInstancePostProcessors$11(ClassBasedTestDescriptor.java:378) ~[junit-jupiter-engine-5.10.2.jar:5.10.2]
	at java.base/java.util.stream.ReferencePipeline$3$1.accept(ReferencePipeline.java:197) ~[na:na]
	at java.base/java.util.stream.ReferencePipeline$2$1.accept(ReferencePipeline.java:179) ~[na:na]
	at java.base/java.util.ArrayList$ArrayListSpliterator.forEachRemaining(ArrayList.java:1708) ~[na:na]
	at java.base/java.util.stream.AbstractPipeline.copyInto(AbstractPipeline.java:509) ~[na:na]
	at java.base/java.util.stream.AbstractPipeline.wrapAndCopyInto(AbstractPipeline.java:499) ~[na:na]
	at java.base/java.util.stream.StreamSpliterators$WrappingSpliterator.forEachRemaining(StreamSpliterators.java:310) ~[na:na]
	at java.base/java.util.stream.Streams$ConcatSpliterator.forEachRemaining(Streams.java:735) ~[na:na]
	at java.base/java.util.stream.Streams$ConcatSpliterator.forEachRemaining(Streams.java:734) ~[na:na]
	at java.base/java.util.stream.ReferencePipeline$Head.forEach(ReferencePipeline.java:762) ~[na:na]
	at org.junit.jupiter.engine.descriptor.ClassBasedTestDescriptor.invokeTestInstancePostProcessors(ClassBasedTestDescriptor.java:377) ~[junit-jupiter-engine-5.10.2.jar:5.10.2]
	at org.junit.jupiter.engine.descriptor.ClassBasedTestDescriptor.lambda$instantiateAndPostProcessTestInstance$6(ClassBasedTestDescriptor.java:290) ~[junit-jupiter-engine-5.10.2.jar:5.10.2]
	at org.junit.platform.engine.support.hierarchical.ThrowableCollector.execute(ThrowableCollector.java:73) ~[junit-platform-engine-1.10.2.jar:1.10.2]
	at org.junit.jupiter.engine.descriptor.ClassBasedTestDescriptor.instantiateAndPostProcessTestInstance(ClassBasedTestDescriptor.java:289) ~[junit-jupiter-engine-5.10.2.jar:5.10.2]
	at org.junit.jupiter.engine.descriptor.ClassBasedTestDescriptor.lambda$testInstancesProvider$4(ClassBasedTestDescriptor.java:279) ~[junit-jupiter-engine-5.10.2.jar:5.10.2]
	at java.base/java.util.Optional.orElseGet(Optional.java:364) ~[na:na]
	at org.junit.jupiter.engine.descriptor.ClassBasedTestDescriptor.lambda$testInstancesProvider$5(ClassBasedTestDescriptor.java:278) ~[junit-jupiter-engine-5.10.2.jar:5.10.2]
	at org.junit.jupiter.engine.execution.TestInstancesProvider.getTestInstances(TestInstancesProvider.java:31) ~[junit-jupiter-engine-5.10.2.jar:5.10.2]
	at org.junit.jupiter.engine.descriptor.TestMethodTestDescriptor.lambda$prepare$0(TestMethodTestDescriptor.java:106) ~[junit-jupiter-engine-5.10.2.jar:5.10.2]
	at org.junit.platform.engine.support.hierarchical.ThrowableCollector.execute(ThrowableCollector.java:73) ~[junit-platform-engine-1.10.2.jar:1.10.2]
	at org.junit.jupiter.engine.descriptor.TestMethodTestDescriptor.prepare(TestMethodTestDescriptor.java:105) ~[junit-jupiter-engine-5.10.2.jar:5.10.2]
	at org.junit.jupiter.engine.descriptor.TestMethodTestDescriptor.prepare(TestMethodTestDescriptor.java:69) ~[junit-jupiter-engine-5.10.2.jar:5.10.2]
	at org.junit.platform.engine.support.hierarchical.NodeTestTask.lambda$prepare$2(NodeTestTask.java:123) ~[junit-platform-engine-1.10.2.jar:1.10.2]
	at org.junit.platform.engine.support.hierarchical.ThrowableCollector.execute(ThrowableCollector.java:73) ~[junit-platform-engine-1.10.2.jar:1.10.2]
	at org.junit.platform.engine.support.hierarchical.NodeTestTask.prepare(NodeTestTask.java:123) ~[junit-platform-engine-1.10.2.jar:1.10.2]
	at org.junit.platform.engine.support.hierarchical.NodeTestTask.execute(NodeTestTask.java:90) ~[junit-platform-engine-1.10.2.jar:1.10.2]
	at java.base/java.util.ArrayList.forEach(ArrayList.java:1596) ~[na:na]
	at org.junit.platform.engine.support.hierarchical.SameThreadHierarchicalTestExecutorService.invokeAll(SameThreadHierarchicalTestExecutorService.java:41) ~[junit-platform-engine-1.10.2.jar:1.10.2]
	at org.junit.platform.engine.support.hierarchical.NodeTestTask.lambda$executeRecursively$6(NodeTestTask.java:155) ~[junit-platform-engine-1.10.2.jar:1.10.2]
	at org.junit.platform.engine.support.hierarchical.ThrowableCollector.execute(ThrowableCollector.java:73) ~[junit-platform-engine-1.10.2.jar:1.10.2]
	at org.junit.platform.engine.support.hierarchical.NodeTestTask.lambda$executeRecursively$8(NodeTestTask.java:141) ~[junit-platform-engine-1.10.2.jar:1.10.2]
	at org.junit.platform.engine.support.hierarchical.Node.around(Node.java:137) ~[junit-platform-engine-1.10.2.jar:1.10.2]
	at org.junit.platform.engine.support.hierarchical.NodeTestTask.lambda$executeRecursively$9(NodeTestTask.java:139) ~[junit-platform-engine-1.10.2.jar:1.10.2]
	at org.junit.platform.engine.support.hierarchical.ThrowableCollector.execute(ThrowableCollector.java:73) ~[junit-platform-engine-1.10.2.jar:1.10.2]
	at org.junit.platform.engine.support.hierarchical.NodeTestTask.executeRecursively(NodeTestTask.java:138) ~[junit-platform-engine-1.10.2.jar:1.10.2]
	at org.junit.platform.engine.support.hierarchical.NodeTestTask.execute(NodeTestTask.java:95) ~[junit-platform-engine-1.10.2.jar:1.10.2]
	at java.base/java.util.ArrayList.forEach(ArrayList.java:1596) ~[na:na]
	at org.junit.platform.engine.support.hierarchical.SameThreadHierarchicalTestExecutorService.invokeAll(SameThreadHierarchicalTestExecutorService.java:41) ~[junit-platform-engine-1.10.2.jar:1.10.2]
	at org.junit.platform.engine.support.hierarchical.NodeTestTask.lambda$executeRecursively$6(NodeTestTask.java:155) ~[junit-platform-engine-1.10.2.jar:1.10.2]
	at org.junit.platform.engine.support.hierarchical.ThrowableCollector.execute(ThrowableCollector.java:73) ~[junit-platform-engine-1.10.2.jar:1.10.2]
	at org.junit.platform.engine.support.hierarchical.NodeTestTask.lambda$executeRecursively$8(NodeTestTask.java:141) ~[junit-platform-engine-1.10.2.jar:1.10.2]
	at org.junit.platform.engine.support.hierarchical.Node.around(Node.java:137) ~[junit-platform-engine-1.10.2.jar:1.10.2]
	at org.junit.platform.engine.support.hierarchical.NodeTestTask.lambda$executeRecursively$9(NodeTestTask.java:139) ~[junit-platform-engine-1.10.2.jar:1.10.2]
	at org.junit.platform.engine.support.hierarchical.ThrowableCollector.execute(ThrowableCollector.java:73) ~[junit-platform-engine-1.10.2.jar:1.10.2]
	at org.junit.platform.engine.support.hierarchical.NodeTestTask.executeRecursively(NodeTestTask.java:138) ~[junit-platform-engine-1.10.2.jar:1.10.2]
	at org.junit.platform.engine.support.hierarchical.NodeTestTask.execute(NodeTestTask.java:95) ~[junit-platform-engine-1.10.2.jar:1.10.2]
	at org.junit.platform.engine.support.hierarchical.SameThreadHierarchicalTestExecutorService.submit(SameThreadHierarchicalTestExecutorService.java:35) ~[junit-platform-engine-1.10.2.jar:1.10.2]
	at org.junit.platform.engine.support.hierarchical.HierarchicalTestExecutor.execute(HierarchicalTestExecutor.java:57) ~[junit-platform-engine-1.10.2.jar:1.10.2]
	at org.junit.platform.engine.support.hierarchical.HierarchicalTestEngine.execute(HierarchicalTestEngine.java:54) ~[junit-platform-engine-1.10.2.jar:1.10.2]
	at org.junit.platform.launcher.core.EngineExecutionOrchestrator.execute(EngineExecutionOrchestrator.java:198) ~[junit-platform-launcher-1.10.2.jar:1.10.2]
	at org.junit.platform.launcher.core.EngineExecutionOrchestrator.execute(EngineExecutionOrchestrator.java:169) ~[junit-platform-launcher-1.10.2.jar:1.10.2]
	at org.junit.platform.launcher.core.EngineExecutionOrchestrator.execute(EngineExecutionOrchestrator.java:93) ~[junit-platform-launcher-1.10.2.jar:1.10.2]
	at org.junit.platform.launcher.core.EngineExecutionOrchestrator.lambda$execute$0(EngineExecutionOrchestrator.java:58) ~[junit-platform-launcher-1.10.2.jar:1.10.2]
	at org.junit.platform.launcher.core.EngineExecutionOrchestrator.withInterceptedStreams(EngineExecutionOrchestrator.java:141) ~[junit-platform-launcher-1.10.2.jar:1.10.2]
	at org.junit.platform.launcher.core.EngineExecutionOrchestrator.execute(EngineExecutionOrchestrator.java:57) ~[junit-platform-launcher-1.10.2.jar:1.10.2]
	at org.junit.platform.launcher.core.DefaultLauncher.execute(DefaultLauncher.java:103) ~[junit-platform-launcher-1.10.2.jar:1.10.2]
	at org.junit.platform.launcher.core.DefaultLauncher.execute(DefaultLauncher.java:85) ~[junit-platform-launcher-1.10.2.jar:1.10.2]
	at org.junit.platform.launcher.core.DelegatingLauncher.execute(DelegatingLauncher.java:47) ~[junit-platform-launcher-1.10.2.jar:1.10.2]
	at org.apache.maven.surefire.junitplatform.LazyLauncher.execute(LazyLauncher.java:56) ~[surefire-junit-platform-3.1.2.jar:3.1.2]
	at org.apache.maven.surefire.junitplatform.JUnitPlatformProvider.execute(JUnitPlatformProvider.java:184) ~[surefire-junit-platform-3.1.2.jar:3.1.2]
	at org.apache.maven.surefire.junitplatform.JUnitPlatformProvider.invokeAllTests(JUnitPlatformProvider.java:148) ~[surefire-junit-platform-3.1.2.jar:3.1.2]
	at org.apache.maven.surefire.junitplatform.JUnitPlatformProvider.invoke(JUnitPlatformProvider.java:122) ~[surefire-junit-platform-3.1.2.jar:3.1.2]
	at org.apache.maven.surefire.booter.ForkedBooter.runSuitesInProcess(ForkedBooter.java:385) ~[surefire-booter-3.1.2.jar:3.1.2]
	at org.apache.maven.surefire.booter.ForkedBooter.execute(ForkedBooter.java:162) ~[surefire-booter-3.1.2.jar:3.1.2]
	at org.apache.maven.surefire.booter.ForkedBooter.run(ForkedBooter.java:507) ~[surefire-booter-3.1.2.jar:3.1.2]
	at org.apache.maven.surefire.booter.ForkedBooter.main(ForkedBooter.java:495) ~[surefire-booter-3.1.2.jar:3.1.2]

2024-05-12T12:06:04.649+03:00 DEBUG 34416 --- [           main] org.hibernate.orm.query.hql              : HQL : SELECT c FROM Comment c WHERE c.id IN (SELECT cm.id FROM Post p JOIN p.comments cm WHERE p = ?1)
2024-05-12T12:06:04.655+03:00 DEBUG 34416 --- [           main] o.h.o.q.hql.reservedWordAsIdentifier     : Encountered use of reserved word as identifier : IN
2024-05-12T12:06:04.656+03:00 DEBUG 34416 --- [           main] o.h.o.q.hql.reservedWordAsIdentifier     : Encountered use of reserved word as identifier : FROM
2024-05-12T12:06:04.663+03:00 DEBUG 34416 --- [           main] org.hibernate.orm.query.sqm.creation     : Applying inferable type to SqmExpression [SqmPositionalParameter(1)] : null -> Post
2024-05-12T12:06:04.663+03:00 DEBUG 34416 --- [           main] org.hibernate.orm.query.sqm.ast          : SqmStatement Tree :
    -> [select]
      -> [query-spec]
        -> [select]
          -> [selection]
            -> [root] - `com.wellcare.wellcare.Models.Comment(c)`
            <- [root] - `com.wellcare.wellcare.Models.Comment(c)`
          <- [selection]
        <- [select]
        -> [from]
          -> [root] - `com.wellcare.wellcare.Models.Comment(c)`
          <- [root] - `com.wellcare.wellcare.Models.Comment(c)`
        <- [from]
        -> [where]
        <- [where]
      <- [query-spec]
    <- [select]

2024-05-12T12:06:04.845+03:00  INFO 34416 --- [           main] o.s.b.a.e.web.EndpointLinksResolver      : Exposing 1 endpoint(s) beneath base path '/actuator'
2024-05-12T12:06:04.861+03:00  INFO 34416 --- [           main] o.s.s.web.DefaultSecurityFilterChain     : Will secure any request with [org.springframework.security.web.session.DisableEncodeUrlFilter@1d51a5d7, org.springframework.security.web.context.request.async.WebAsyncManagerIntegrationFilter@77ba85e9, org.springframework.security.web.context.SecurityContextHolderFilter@615c851f, org.springframework.security.web.header.HeaderWriterFilter@6ec2e728, org.springframework.web.filter.CorsFilter@7bcb44e4, org.springframework.security.web.authentication.logout.LogoutFilter@5f305cca, authenticationJwtTokenFilter bean, org.springframework.security.web.savedrequest.RequestCacheAwareFilter@6dff6ce, org.springframework.security.web.servletapi.SecurityContextHolderAwareRequestFilter@5cd0cc5b, org.springframework.security.web.authentication.AnonymousAuthenticationFilter@4131dfd9, org.springframework.security.web.access.ExceptionTranslationFilter@7b9b0006, org.springframework.security.web.access.intercept.AuthorizationFilter@4e9492b6]
2024-05-12T12:06:04.893+03:00 DEBUG 34416 --- [           main] .h.v.m.ResourceBundleMessageInterpolator : Loaded expression factory via original TCCL
2024-05-12T12:06:04.893+03:00 DEBUG 34416 --- [           main] o.h.v.i.e.AbstractConfigurationImpl      : Setting custom MessageInterpolator of type org.springframework.validation.beanvalidation.LocaleContextMessageInterpolator
2024-05-12T12:06:04.893+03:00 DEBUG 34416 --- [           main] o.h.v.i.e.AbstractConfigurationImpl      : Setting custom ConstraintValidatorFactory of type org.springframework.validation.beanvalidation.SpringConstraintValidatorFactory
2024-05-12T12:06:04.898+03:00 DEBUG 34416 --- [           main] o.h.v.i.xml.config.ValidationXmlParser   : Trying to load META-INF/validation.xml for XML based Validator configuration.
2024-05-12T12:06:04.898+03:00 DEBUG 34416 --- [           main] o.h.v.i.xml.config.ResourceLoaderHelper  : Trying to load META-INF/validation.xml via user class loader
2024-05-12T12:06:04.898+03:00 DEBUG 34416 --- [           main] o.h.v.i.xml.config.ResourceLoaderHelper  : Trying to load META-INF/validation.xml via TCCL
2024-05-12T12:06:04.898+03:00 DEBUG 34416 --- [           main] o.h.v.i.xml.config.ResourceLoaderHelper  : Trying to load META-INF/validation.xml via Hibernate Validator's class loader
2024-05-12T12:06:04.898+03:00 DEBUG 34416 --- [           main] o.h.v.i.xml.config.ValidationXmlParser   : No META-INF/validation.xml found. Using annotation based configuration only.
2024-05-12T12:06:04.898+03:00 DEBUG 34416 --- [           main] o.h.v.i.e.resolver.TraversableResolvers  : Found jakarta.persistence.Persistence on classpath containing 'getPersistenceUtil'. Assuming JPA 2 environment. Trying to instantiate JPA aware TraversableResolver
2024-05-12T12:06:04.898+03:00 DEBUG 34416 --- [           main] o.h.v.i.e.resolver.TraversableResolvers  : Instantiated JPA aware TraversableResolver of type org.hibernate.validator.internal.engine.resolver.JPATraversableResolver.
2024-05-12T12:06:04.900+03:00 DEBUG 34416 --- [           main] .i.e.ValidatorFactoryConfigurationHelper : HV000252: Using org.hibernate.validator.internal.engine.DefaultPropertyNodeNameProvider as property node name provider.
2024-05-12T12:06:04.900+03:00 DEBUG 34416 --- [           main] .i.e.ValidatorFactoryConfigurationHelper : HV000234: Using org.springframework.validation.beanvalidation.LocaleContextMessageInterpolator as ValidatorFactory-scoped message interpolator.
2024-05-12T12:06:04.900+03:00 DEBUG 34416 --- [           main] .i.e.ValidatorFactoryConfigurationHelper : HV000234: Using org.hibernate.validator.internal.engine.resolver.JPATraversableResolver as ValidatorFactory-scoped traversable resolver.
2024-05-12T12:06:04.900+03:00 DEBUG 34416 --- [           main] .i.e.ValidatorFactoryConfigurationHelper : HV000234: Using org.hibernate.validator.internal.util.ExecutableParameterNameProvider as ValidatorFactory-scoped parameter name provider.
2024-05-12T12:06:04.900+03:00 DEBUG 34416 --- [           main] .i.e.ValidatorFactoryConfigurationHelper : HV000234: Using org.hibernate.validator.internal.engine.DefaultClockProvider as ValidatorFactory-scoped clock provider.
2024-05-12T12:06:04.900+03:00 DEBUG 34416 --- [           main] .i.e.ValidatorFactoryConfigurationHelper : HV000234: Using org.hibernate.validator.internal.engine.scripting.DefaultScriptEvaluatorFactory as ValidatorFactory-scoped script evaluator factory.
2024-05-12T12:06:05.038+03:00  INFO 34416 --- [           main] o.s.b.t.m.w.SpringBootMockServletContext : Initializing Spring TestDispatcherServlet ''
2024-05-12T12:06:05.038+03:00  INFO 34416 --- [           main] o.s.t.web.servlet.TestDispatcherServlet  : Initializing Servlet ''
2024-05-12T12:06:05.038+03:00  INFO 34416 --- [           main] o.s.t.web.servlet.TestDispatcherServlet  : Completed initialization in 0 ms
2024-05-12T12:06:05.060+03:00  INFO 34416 --- [           main] c.w.wellcare.MessageControllerTest       : Started MessageControllerTest in 1.594 seconds (process running for 11.535)
]]></system-out>
  </testcase>
  <testcase name="testSendMessageInvalidUser" classname="com.wellcare.wellcare.MessageControllerTest" time="0.0"/>
  <testcase name="testGetUnreadMessages" classname="com.wellcare.wellcare.MessageControllerTest" time="0.015"/>
  <testcase name="testGetUnreadMessagesNoData" classname="com.wellcare.wellcare.MessageControllerTest" time="0.015"/>
  <testcase name="testGetRecentConversationsNoData" classname="com.wellcare.wellcare.MessageControllerTest" time="0.0"/>
  <testcase name="testGetMessagesWithUser" classname="com.wellcare.wellcare.MessageControllerTest" time="0.019"/>
  <testcase name="testSendMessage" classname="com.wellcare.wellcare.MessageControllerTest" time="0.005"/>
  <testcase name="testGetRecentConversations" classname="com.wellcare.wellcare.MessageControllerTest" time="0.014"/>
  <testcase name="testUpdateMessage" classname="com.wellcare.wellcare.MessageControllerTest" time="0.007"/>
</testsuite>